{"/home/travis/build/npmtest/node-npmtest-preboot/test.js":{"path":"/home/travis/build/npmtest/node-npmtest-preboot/test.js","s":{"1":2,"2":2,"3":2,"4":2,"5":2,"6":2,"7":2,"8":1,"9":2,"10":2,"11":1,"12":1,"13":1,"14":1,"15":2,"16":2,"17":2,"18":2,"19":1,"20":1,"21":2,"22":2,"23":2,"24":1,"25":1,"26":1,"27":1,"28":1,"29":1,"30":1,"31":1,"32":1,"33":1,"34":1,"35":1,"36":1,"37":1,"38":1,"39":2,"40":2,"41":1,"42":2,"43":2,"44":1,"45":2,"46":2,"47":1,"48":2,"49":2,"50":1,"51":1,"52":1,"53":1,"54":1},"b":{"1":[2,1,1,1],"2":[1,1,1,1],"3":[1,1],"4":[1,1],"5":[1,1],"6":[1,1],"7":[1,1],"8":[1,1],"9":[1,1],"10":[1,1,1],"11":[1,1],"12":[1,1],"13":[1,1],"14":[1,1],"15":[1,1],"16":[1,1],"17":[1,1]},"f":{"1":2,"2":2,"3":2,"4":2,"5":2,"6":1,"7":1,"8":1,"9":2,"10":2,"11":2,"12":2,"13":1},"fnMap":{"1":{"name":"(anonymous_1)","line":12,"loc":{"start":{"line":12,"column":1},"end":{"line":12,"column":13}}},"2":{"name":"(anonymous_2)","line":19,"loc":{"start":{"line":19,"column":5},"end":{"line":19,"column":17}}},"3":{"name":"(anonymous_3)","line":23,"loc":{"start":{"line":23,"column":24},"end":{"line":23,"column":36}}},"4":{"name":"(anonymous_4)","line":61,"loc":{"start":{"line":61,"column":5},"end":{"line":61,"column":17}}},"5":{"name":"(anonymous_5)","line":82,"loc":{"start":{"line":82,"column":5},"end":{"line":82,"column":17}}},"6":{"name":"(anonymous_6)","line":91,"loc":{"start":{"line":91,"column":77},"end":{"line":94,"column":10}}},"7":{"name":"(anonymous_7)","line":112,"loc":{"start":{"line":112,"column":83},"end":{"line":115,"column":10}},"skip":true},"8":{"name":"(anonymous_8)","line":123,"loc":{"start":{"line":123,"column":77},"end":{"line":126,"column":10}},"skip":true},"9":{"name":"(anonymous_9)","line":139,"loc":{"start":{"line":139,"column":12},"end":{"line":139,"column":40}},"skip":true},"10":{"name":"(anonymous_10)","line":147,"loc":{"start":{"line":147,"column":77},"end":{"line":150,"column":10}},"skip":true},"11":{"name":"(anonymous_11)","line":158,"loc":{"start":{"line":158,"column":83},"end":{"line":161,"column":10}},"skip":true},"12":{"name":"(anonymous_12)","line":169,"loc":{"start":{"line":169,"column":79},"end":{"line":172,"column":10}},"skip":true},"13":{"name":"(anonymous_13)","line":180,"loc":{"start":{"line":180,"column":75},"end":{"line":183,"column":10}},"skip":true}},"statementMap":{"1":{"start":{"line":12,"column":0},"end":{"line":195,"column":5}},"2":{"start":{"line":14,"column":4},"end":{"line":14,"column":14}},"3":{"start":{"line":19,"column":4},"end":{"line":56,"column":9}},"4":{"start":{"line":21,"column":8},"end":{"line":21,"column":19}},"5":{"start":{"line":23,"column":8},"end":{"line":35,"column":13}},"6":{"start":{"line":24,"column":12},"end":{"line":34,"column":13}},"7":{"start":{"line":25,"column":16},"end":{"line":28,"column":30}},"8":{"start":{"line":30,"column":16},"end":{"line":33,"column":27}},"9":{"start":{"line":37,"column":8},"end":{"line":39,"column":21}},"10":{"start":{"line":40,"column":8},"end":{"line":53,"column":9}},"11":{"start":{"line":43,"column":12},"end":{"line":46,"column":14}},"12":{"start":{"line":47,"column":12},"end":{"line":47,"column":18}},"13":{"start":{"line":50,"column":12},"end":{"line":51,"column":33}},"14":{"start":{"line":52,"column":12},"end":{"line":52,"column":18}},"15":{"start":{"line":55,"column":8},"end":{"line":55,"column":35}},"16":{"start":{"line":61,"column":4},"end":{"line":63,"column":9}},"17":{"start":{"line":62,"column":8},"end":{"line":62,"column":15}},"18":{"start":{"line":64,"column":4},"end":{"line":77,"column":5}},"19":{"start":{"line":70,"column":8},"end":{"line":70,"column":14}},"20":{"start":{"line":76,"column":8},"end":{"line":76,"column":14}},"21":{"start":{"line":82,"column":4},"end":{"line":84,"column":9}},"22":{"start":{"line":83,"column":8},"end":{"line":83,"column":15}},"23":{"start":{"line":85,"column":4},"end":{"line":194,"column":5}},"24":{"start":{"line":91,"column":8},"end":{"line":99,"column":10}},"25":{"start":{"line":98,"column":12},"end":{"line":98,"column":35}},"26":{"start":{"line":102,"column":8},"end":{"line":104,"column":63}},"27":{"start":{"line":105,"column":8},"end":{"line":105,"column":14}},"28":{"start":{"line":112,"column":8},"end":{"line":121,"column":10},"skip":true},"29":{"start":{"line":119,"column":12},"end":{"line":119,"column":55},"skip":true},"30":{"start":{"line":120,"column":12},"end":{"line":120,"column":48},"skip":true},"31":{"start":{"line":123,"column":8},"end":{"line":136,"column":10},"skip":true},"32":{"start":{"line":130,"column":12},"end":{"line":130,"column":76},"skip":true},"33":{"start":{"line":131,"column":12},"end":{"line":131,"column":73},"skip":true},"34":{"start":{"line":132,"column":12},"end":{"line":132,"column":74},"skip":true},"35":{"start":{"line":133,"column":12},"end":{"line":133,"column":79},"skip":true},"36":{"start":{"line":134,"column":12},"end":{"line":134,"column":25},"skip":true},"37":{"start":{"line":135,"column":12},"end":{"line":135,"column":45},"skip":true},"38":{"start":{"line":138,"column":8},"end":{"line":145,"column":14},"skip":true},"39":{"start":{"line":143,"column":16},"end":{"line":143,"column":29},"skip":true},"40":{"start":{"line":144,"column":16},"end":{"line":144,"column":55},"skip":true},"41":{"start":{"line":147,"column":8},"end":{"line":156,"column":10},"skip":true},"42":{"start":{"line":154,"column":12},"end":{"line":154,"column":25},"skip":true},"43":{"start":{"line":155,"column":12},"end":{"line":155,"column":45},"skip":true},"44":{"start":{"line":158,"column":8},"end":{"line":167,"column":10},"skip":true},"45":{"start":{"line":165,"column":12},"end":{"line":165,"column":25},"skip":true},"46":{"start":{"line":166,"column":12},"end":{"line":166,"column":48},"skip":true},"47":{"start":{"line":169,"column":8},"end":{"line":178,"column":10},"skip":true},"48":{"start":{"line":176,"column":12},"end":{"line":176,"column":25},"skip":true},"49":{"start":{"line":177,"column":12},"end":{"line":177,"column":46},"skip":true},"50":{"start":{"line":180,"column":8},"end":{"line":189,"column":10},"skip":true},"51":{"start":{"line":187,"column":12},"end":{"line":187,"column":94},"skip":true},"52":{"start":{"line":188,"column":12},"end":{"line":188,"column":48},"skip":true},"53":{"start":{"line":192,"column":8},"end":{"line":192,"column":35},"skip":true},"54":{"start":{"line":193,"column":8},"end":{"line":193,"column":14},"skip":true}},"branchMap":{"1":{"line":25,"type":"binary-expr","locations":[{"start":{"line":25,"column":23},"end":{"line":25,"column":62}},{"start":{"line":26,"column":20},"end":{"line":26,"column":70}},{"start":{"line":27,"column":20},"end":{"line":27,"column":71}},{"start":{"line":28,"column":20},"end":{"line":28,"column":29}}]},"2":{"line":30,"type":"binary-expr","locations":[{"start":{"line":30,"column":23},"end":{"line":30,"column":37}},{"start":{"line":31,"column":20},"end":{"line":31,"column":61}},{"start":{"line":32,"column":20},"end":{"line":32,"column":70}},{"start":{"line":33,"column":20},"end":{"line":33,"column":26}}]},"3":{"line":37,"type":"cond-expr","locations":[{"start":{"line":38,"column":14},"end":{"line":38,"column":20}},{"start":{"line":39,"column":14},"end":{"line":39,"column":20}}]},"4":{"line":40,"type":"switch","locations":[{"start":{"line":42,"column":8},"end":{"line":47,"column":18}},{"start":{"line":49,"column":8},"end":{"line":52,"column":18}}]},"5":{"line":44,"type":"binary-expr","locations":[{"start":{"line":44,"column":16},"end":{"line":44,"column":44}},{"start":{"line":44,"column":48},"end":{"line":44,"column":66}}]},"6":{"line":50,"type":"binary-expr","locations":[{"start":{"line":50,"column":21},"end":{"line":50,"column":49}},{"start":{"line":50,"column":53},"end":{"line":50,"column":72}}]},"7":{"line":64,"type":"switch","locations":[{"start":{"line":69,"column":4},"end":{"line":70,"column":14}},{"start":{"line":75,"column":4},"end":{"line":76,"column":14}}]},"8":{"line":85,"type":"switch","locations":[{"start":{"line":90,"column":4},"end":{"line":105,"column":14}},{"start":{"line":111,"column":4},"end":{"line":193,"column":14},"skip":true}]},"9":{"line":91,"type":"binary-expr","locations":[{"start":{"line":91,"column":42},"end":{"line":91,"column":73}},{"start":{"line":91,"column":77},"end":{"line":99,"column":9}}]},"10":{"line":102,"type":"binary-expr","locations":[{"start":{"line":102,"column":18},"end":{"line":102,"column":32}},{"start":{"line":103,"column":12},"end":{"line":103,"column":53}},{"start":{"line":104,"column":12},"end":{"line":104,"column":61}}]},"11":{"line":112,"type":"binary-expr","locations":[{"start":{"line":112,"column":45},"end":{"line":112,"column":79},"skip":true},{"start":{"line":112,"column":83},"end":{"line":121,"column":9},"skip":true}]},"12":{"line":123,"type":"binary-expr","locations":[{"start":{"line":123,"column":42},"end":{"line":123,"column":73},"skip":true},{"start":{"line":123,"column":77},"end":{"line":136,"column":9},"skip":true}]},"13":{"line":138,"type":"binary-expr","locations":[{"start":{"line":138,"column":48},"end":{"line":138,"column":85},"skip":true},{"start":{"line":139,"column":12},"end":{"line":145,"column":13},"skip":true}]},"14":{"line":147,"type":"binary-expr","locations":[{"start":{"line":147,"column":42},"end":{"line":147,"column":73},"skip":true},{"start":{"line":147,"column":77},"end":{"line":156,"column":9},"skip":true}]},"15":{"line":158,"type":"binary-expr","locations":[{"start":{"line":158,"column":45},"end":{"line":158,"column":79},"skip":true},{"start":{"line":158,"column":83},"end":{"line":167,"column":9},"skip":true}]},"16":{"line":169,"type":"binary-expr","locations":[{"start":{"line":169,"column":43},"end":{"line":169,"column":75},"skip":true},{"start":{"line":169,"column":79},"end":{"line":178,"column":9},"skip":true}]},"17":{"line":180,"type":"binary-expr","locations":[{"start":{"line":180,"column":41},"end":{"line":180,"column":71},"skip":true},{"start":{"line":180,"column":75},"end":{"line":189,"column":9},"skip":true}]}},"code":["/* istanbul instrument in package npmtest_preboot */","/*jslint","    bitwise: true,","    browser: true,","    maxerr: 8,","    maxlen: 96,","    node: true,","    nomen: true,","    regexp: true,","    stupid: true","*/","(function () {","    'use strict';","    var local;","","","","    // run shared js-env code - pre-init","    (function () {","        // init local","        local = {};","        // init modeJs","        local.modeJs = (function () {","            try {","                return typeof navigator.userAgent === 'string' &&","                    typeof document.querySelector('body') === 'object' &&","                    typeof XMLHttpRequest.prototype.open === 'function' &&","                    'browser';","            } catch (errorCaughtBrowser) {","                return module.exports &&","                    typeof process.versions.node === 'string' &&","                    typeof require('http').createServer === 'function' &&","                    'node';","            }","        }());","        // init global","        local.global = local.modeJs === 'browser'","            ? window","            : global;","        switch (local.modeJs) {","        // re-init local from window.local","        case 'browser':","            local = local.global.utility2.objectSetDefault(","                local.global.utility2_rollup || local.global.local,","                local.global.utility2","            );","            break;","        // re-init local from example.js","        case 'node':","            local = (local.global.utility2_rollup || require('utility2'))","                .requireReadme();","            break;","        }","        // export local","        local.global.local = local;","    }());","","","","    // run shared js-env code - function","    (function () {","        return;","    }());","    switch (local.modeJs) {","","","","    // run browser js-env code - function","    case 'browser':","        break;","","","","    // run node js-env code - function","    case 'node':","        break;","    }","","","","    // run shared js-env code - post-init","    (function () {","        return;","    }());","    switch (local.modeJs) {","","","","    // run browser js-env code - post-init","    case 'browser':","        local.testCase_browser_nullCase = local.testCase_browser_nullCase || function (","            options,","            onError","        ) {","        /*","         * this function will test browsers's null-case handling-behavior-behavior","         */","            onError(null, options);","        };","","        // run tests","        local.nop(local.modeTest &&","            document.querySelector('#testRunButton1') &&","            document.querySelector('#testRunButton1').click());","        break;","","","","    // run node js-env code - post-init","    /* istanbul ignore next */","    case 'node':","        local.testCase_buildApidoc_default = local.testCase_buildApidoc_default || function (","            options,","            onError","        ) {","        /*","         * this function will test buildApidoc's default handling-behavior-behavior","         */","            options = { modulePathList: module.paths };","            local.buildApidoc(options, onError);","        };","","        local.testCase_buildApp_default = local.testCase_buildApp_default || function (","            options,","            onError","        ) {","        /*","         * this function will test buildApp's default handling-behavior-behavior","         */","            local.testCase_buildReadme_default(options, local.onErrorThrow);","            local.testCase_buildLib_default(options, local.onErrorThrow);","            local.testCase_buildTest_default(options, local.onErrorThrow);","            local.testCase_buildCustomOrg_default(options, local.onErrorThrow);","            options = [];","            local.buildApp(options, onError);","        };","","        local.testCase_buildCustomOrg_default = local.testCase_buildCustomOrg_default ||","            function (options, onError) {","            /*","             * this function will test buildCustomOrg's default handling-behavior","             */","                options = {};","                local.buildCustomOrg(options, onError);","            };","","        local.testCase_buildLib_default = local.testCase_buildLib_default || function (","            options,","            onError","        ) {","        /*","         * this function will test buildLib's default handling-behavior","         */","            options = {};","            local.buildLib(options, onError);","        };","","        local.testCase_buildReadme_default = local.testCase_buildReadme_default || function (","            options,","            onError","        ) {","        /*","         * this function will test buildReadme's default handling-behavior-behavior","         */","            options = {};","            local.buildReadme(options, onError);","        };","","        local.testCase_buildTest_default = local.testCase_buildTest_default || function (","            options,","            onError","        ) {","        /*","         * this function will test buildTest's default handling-behavior","         */","            options = {};","            local.buildTest(options, onError);","        };","","        local.testCase_webpage_default = local.testCase_webpage_default || function (","            options,","            onError","        ) {","        /*","         * this function will test webpage's default handling-behavior","         */","            options = { modeCoverageMerge: true, url: local.serverLocalHost + '?modeTest=1' };","            local.browserTest(options, onError);","        };","","        // run test-server","        local.testRunServer(local);","        break;","    }","}());",""],"l":{"12":2,"14":2,"19":2,"21":2,"23":2,"24":2,"25":2,"30":1,"37":2,"40":2,"43":1,"47":1,"50":1,"52":1,"55":2,"61":2,"62":2,"64":2,"70":1,"76":1,"82":2,"83":2,"85":2,"91":1,"98":1,"102":1,"105":1,"112":1,"119":1,"120":1,"123":1,"130":1,"131":1,"132":1,"133":1,"134":1,"135":1,"138":1,"143":2,"144":2,"147":1,"154":2,"155":2,"158":1,"165":2,"166":2,"169":1,"176":2,"177":2,"180":1,"187":1,"188":1,"192":1,"193":1}},"/home/travis/build/npmtest/node-npmtest-preboot/lib.npmtest_preboot.js":{"path":"/home/travis/build/npmtest/node-npmtest-preboot/lib.npmtest_preboot.js","s":{"1":2,"2":2,"3":2,"4":2,"5":2,"6":2,"7":2,"8":1,"9":2,"10":2,"11":2,"12":2,"13":1,"14":1,"15":1,"16":1},"b":{"1":[2,1,1,1],"2":[1,1,1,1],"3":[1,1],"4":[2,2],"5":[1,1]},"f":{"1":2,"2":2,"3":2},"fnMap":{"1":{"name":"(anonymous_1)","line":12,"loc":{"start":{"line":12,"column":1},"end":{"line":12,"column":13}}},"2":{"name":"(anonymous_2)","line":19,"loc":{"start":{"line":19,"column":5},"end":{"line":19,"column":17}}},"3":{"name":"(anonymous_3)","line":23,"loc":{"start":{"line":23,"column":24},"end":{"line":23,"column":36}}}},"statementMap":{"1":{"start":{"line":12,"column":0},"end":{"line":53,"column":5}},"2":{"start":{"line":14,"column":4},"end":{"line":14,"column":14}},"3":{"start":{"line":19,"column":4},"end":{"line":52,"column":9}},"4":{"start":{"line":21,"column":8},"end":{"line":21,"column":19}},"5":{"start":{"line":23,"column":8},"end":{"line":35,"column":13}},"6":{"start":{"line":24,"column":12},"end":{"line":34,"column":13}},"7":{"start":{"line":25,"column":16},"end":{"line":28,"column":30}},"8":{"start":{"line":30,"column":16},"end":{"line":33,"column":27}},"9":{"start":{"line":37,"column":8},"end":{"line":39,"column":21}},"10":{"start":{"line":41,"column":8},"end":{"line":41,"column":54}},"11":{"start":{"line":43,"column":8},"end":{"line":43,"column":52}},"12":{"start":{"line":45,"column":8},"end":{"line":51,"column":9}},"13":{"start":{"line":46,"column":12},"end":{"line":46,"column":58}},"14":{"start":{"line":48,"column":12},"end":{"line":48,"column":35}},"15":{"start":{"line":49,"column":12},"end":{"line":49,"column":49}},"16":{"start":{"line":50,"column":12},"end":{"line":50,"column":43}}},"branchMap":{"1":{"line":25,"type":"binary-expr","locations":[{"start":{"line":25,"column":23},"end":{"line":25,"column":62}},{"start":{"line":26,"column":20},"end":{"line":26,"column":70}},{"start":{"line":27,"column":20},"end":{"line":27,"column":71}},{"start":{"line":28,"column":20},"end":{"line":28,"column":29}}]},"2":{"line":30,"type":"binary-expr","locations":[{"start":{"line":30,"column":23},"end":{"line":30,"column":37}},{"start":{"line":31,"column":20},"end":{"line":31,"column":61}},{"start":{"line":32,"column":20},"end":{"line":32,"column":70}},{"start":{"line":33,"column":20},"end":{"line":33,"column":26}}]},"3":{"line":37,"type":"cond-expr","locations":[{"start":{"line":38,"column":14},"end":{"line":38,"column":20}},{"start":{"line":39,"column":14},"end":{"line":39,"column":20}}]},"4":{"line":41,"type":"binary-expr","locations":[{"start":{"line":41,"column":16},"end":{"line":41,"column":44}},{"start":{"line":41,"column":48},"end":{"line":41,"column":53}}]},"5":{"line":45,"type":"if","locations":[{"start":{"line":45,"column":8},"end":{"line":45,"column":8}},{"start":{"line":45,"column":8},"end":{"line":45,"column":8}}]}},"code":["/* istanbul instrument in package npmtest_preboot */","/*jslint","    bitwise: true,","    browser: true,","    maxerr: 8,","    maxlen: 96,","    node: true,","    nomen: true,","    regexp: true,","    stupid: true","*/","(function () {","    'use strict';","    var local;","","","","    // run shared js-env code - pre-init","    (function () {","        // init local","        local = {};","        // init modeJs","        local.modeJs = (function () {","            try {","                return typeof navigator.userAgent === 'string' &&","                    typeof document.querySelector('body') === 'object' &&","                    typeof XMLHttpRequest.prototype.open === 'function' &&","                    'browser';","            } catch (errorCaughtBrowser) {","                return module.exports &&","                    typeof process.versions.node === 'string' &&","                    typeof require('http').createServer === 'function' &&","                    'node';","            }","        }());","        // init global","        local.global = local.modeJs === 'browser'","            ? window","            : global;","        // init utility2_rollup","        local = local.global.utility2_rollup || local;","        // init lib","        local.local = local.npmtest_preboot = local;","        // init exports","        if (local.modeJs === 'browser') {","            local.global.utility2_npmtest_preboot = local;","        } else {","            module.exports = local;","            module.exports.__dirname = __dirname;","            module.exports.module = module;","        }","    }());","}());",""],"l":{"12":2,"14":2,"19":2,"21":2,"23":2,"24":2,"25":2,"30":1,"37":2,"41":2,"43":2,"45":2,"46":1,"48":1,"49":1,"50":1}},"/home/travis/build/npmtest/node-npmtest-preboot/example.js":{"path":"/home/travis/build/npmtest/node-npmtest-preboot/example.js","s":{"1":2,"2":2,"3":2,"4":2,"5":2,"6":2,"7":2,"8":1,"9":2,"10":2,"11":2,"12":2,"13":1,"14":2,"15":2,"16":2,"17":2,"18":2,"19":0,"20":2,"21":1,"22":1,"23":1,"24":1,"25":1,"26":0,"27":0,"28":1,"29":1,"30":2,"31":0,"32":0,"33":0,"34":1,"35":2,"36":2,"37":3,"38":3,"39":3,"40":3,"41":0,"42":3,"43":3,"44":3,"45":1,"46":3,"47":1,"48":1,"49":1,"50":1,"51":1,"52":1,"53":1,"54":1,"55":1,"56":1,"57":0,"58":1,"59":6,"60":6,"61":1,"62":2,"63":0,"64":2,"65":1,"66":1,"67":0,"68":0,"69":0,"70":0,"71":0,"72":0,"73":0,"74":0,"75":0,"76":0,"77":0,"78":0,"79":0,"80":0,"81":0,"82":0,"83":0},"b":{"1":[2,1,1,1],"2":[1,1,1,1],"3":[1,1],"4":[2,2],"5":[1,1],"6":[1,1],"7":[2,0],"8":[2,1,1,1,1,1],"9":[0,2,0],"10":[1,1],"11":[2,1,1],"12":[1,0],"13":[0,2],"14":[2,0,0,0,0,0,0],"15":[0,3],"16":[3,0],"17":[1,1],"18":[0,1],"19":[1,2,0,2],"20":[1,0],"21":[1,1],"22":[0,0],"23":[0,0],"24":[0,0],"25":[0,0],"26":[0,0],"27":[0,0],"28":[0,0]},"f":{"1":2,"2":2,"3":2,"4":2,"5":2,"6":2,"7":3,"8":3,"9":3,"10":1,"11":6,"12":0},"fnMap":{"1":{"name":"(anonymous_1)","line":26,"loc":{"start":{"line":26,"column":1},"end":{"line":26,"column":13}}},"2":{"name":"(anonymous_2)","line":33,"loc":{"start":{"line":33,"column":5},"end":{"line":33,"column":17}}},"3":{"name":"(anonymous_3)","line":37,"loc":{"start":{"line":37,"column":24},"end":{"line":37,"column":36}}},"4":{"name":"(anonymous_4)","line":69,"loc":{"start":{"line":69,"column":31},"end":{"line":69,"column":48}},"skip":true},"5":{"name":"(anonymous_5)","line":78,"loc":{"start":{"line":78,"column":26},"end":{"line":78,"column":45}},"skip":true},"6":{"name":"(anonymous_6)","line":123,"loc":{"start":{"line":123,"column":33},"end":{"line":123,"column":48}},"skip":true},"7":{"name":"(anonymous_7)","line":125,"loc":{"start":{"line":125,"column":27},"end":{"line":125,"column":39}},"skip":true},"8":{"name":"(anonymous_8)","line":133,"loc":{"start":{"line":133,"column":59},"end":{"line":133,"column":74}},"skip":true},"9":{"name":"(anonymous_9)","line":143,"loc":{"start":{"line":143,"column":45},"end":{"line":143,"column":62}},"skip":true},"10":{"name":"(anonymous_10)","line":144,"loc":{"start":{"line":144,"column":73},"end":{"line":144,"column":92}},"skip":true},"11":{"name":"(anonymous_11)","line":272,"loc":{"start":{"line":272,"column":51},"end":{"line":272,"column":77}},"skip":true},"12":{"name":"(anonymous_12)","line":315,"loc":{"start":{"line":315,"column":32},"end":{"line":315,"column":61}},"skip":true}},"statementMap":{"1":{"start":{"line":26,"column":0},"end":{"line":326,"column":5}},"2":{"start":{"line":28,"column":4},"end":{"line":28,"column":14}},"3":{"start":{"line":33,"column":4},"end":{"line":60,"column":9}},"4":{"start":{"line":35,"column":8},"end":{"line":35,"column":19}},"5":{"start":{"line":37,"column":8},"end":{"line":49,"column":13}},"6":{"start":{"line":38,"column":12},"end":{"line":48,"column":13}},"7":{"start":{"line":39,"column":16},"end":{"line":42,"column":30}},"8":{"start":{"line":44,"column":16},"end":{"line":47,"column":27}},"9":{"start":{"line":51,"column":8},"end":{"line":53,"column":21}},"10":{"start":{"line":55,"column":8},"end":{"line":57,"column":45}},"11":{"start":{"line":59,"column":8},"end":{"line":59,"column":35}},"12":{"start":{"line":61,"column":4},"end":{"line":325,"column":5}},"13":{"start":{"line":69,"column":8},"end":{"line":121,"column":10},"skip":true},"14":{"start":{"line":70,"column":12},"end":{"line":88,"column":13},"skip":true},"15":{"start":{"line":76,"column":16},"end":{"line":87,"column":19},"skip":true},"16":{"start":{"line":79,"column":20},"end":{"line":86,"column":21},"skip":true},"17":{"start":{"line":82,"column":24},"end":{"line":82,"column":43},"skip":true},"18":{"start":{"line":83,"column":24},"end":{"line":83,"column":30},"skip":true},"19":{"start":{"line":85,"column":24},"end":{"line":85,"column":49},"skip":true},"20":{"start":{"line":89,"column":12},"end":{"line":107,"column":13},"skip":true},"21":{"start":{"line":92,"column":16},"end":{"line":102,"column":17},"skip":true},"22":{"start":{"line":93,"column":20},"end":{"line":93,"column":86},"skip":true},"23":{"start":{"line":94,"column":20},"end":{"line":95,"column":45},"skip":true},"24":{"start":{"line":96,"column":20},"end":{"line":96,"column":42},"skip":true},"25":{"start":{"line":97,"column":20},"end":{"line":97,"column":48},"skip":true},"26":{"start":{"line":100,"column":20},"end":{"line":100,"column":85},"skip":true},"27":{"start":{"line":101,"column":20},"end":{"line":101,"column":96},"skip":true},"28":{"start":{"line":103,"column":16},"end":{"line":103,"column":22},"skip":true},"29":{"start":{"line":106,"column":16},"end":{"line":106,"column":22},"skip":true},"30":{"start":{"line":108,"column":12},"end":{"line":120,"column":13},"skip":true},"31":{"start":{"line":114,"column":16},"end":{"line":119,"column":17},"skip":true},"32":{"start":{"line":116,"column":20},"end":{"line":116,"column":78},"skip":true},"33":{"start":{"line":118,"column":20},"end":{"line":118,"column":47},"skip":true},"34":{"start":{"line":123,"column":8},"end":{"line":141,"column":11},"skip":true},"35":{"start":{"line":124,"column":12},"end":{"line":124,"column":54},"skip":true},"36":{"start":{"line":125,"column":12},"end":{"line":140,"column":14},"skip":true},"37":{"start":{"line":126,"column":16},"end":{"line":126,"column":28},"skip":true},"38":{"start":{"line":127,"column":16},"end":{"line":127,"column":69},"skip":true},"39":{"start":{"line":128,"column":16},"end":{"line":128,"column":75},"skip":true},"40":{"start":{"line":129,"column":16},"end":{"line":131,"column":17},"skip":true},"41":{"start":{"line":130,"column":20},"end":{"line":130,"column":27},"skip":true},"42":{"start":{"line":133,"column":16},"end":{"line":137,"column":36},"skip":true},"43":{"start":{"line":134,"column":20},"end":{"line":136,"column":55},"skip":true},"44":{"start":{"line":139,"column":16},"end":{"line":139,"column":57},"skip":true},"45":{"start":{"line":143,"column":8},"end":{"line":147,"column":11},"skip":true},"46":{"start":{"line":144,"column":12},"end":{"line":146,"column":15},"skip":true},"47":{"start":{"line":145,"column":16},"end":{"line":145,"column":70},"skip":true},"48":{"start":{"line":149,"column":8},"end":{"line":149,"column":31},"skip":true},"49":{"start":{"line":150,"column":8},"end":{"line":150,"column":14},"skip":true},"50":{"start":{"line":158,"column":8},"end":{"line":158,"column":31},"skip":true},"51":{"start":{"line":160,"column":8},"end":{"line":160,"column":33},"skip":true},"52":{"start":{"line":161,"column":8},"end":{"line":161,"column":37},"skip":true},"53":{"start":{"line":162,"column":8},"end":{"line":162,"column":35},"skip":true},"54":{"start":{"line":164,"column":8},"end":{"line":164,"column":50},"skip":true},"55":{"start":{"line":166,"column":8},"end":{"line":256,"column":2},"skip":true},"56":{"start":{"line":258,"column":8},"end":{"line":286,"column":9},"skip":true},"57":{"start":{"line":259,"column":12},"end":{"line":269,"column":14},"skip":true},"58":{"start":{"line":271,"column":12},"end":{"line":285,"column":19},"skip":true},"59":{"start":{"line":274,"column":20},"end":{"line":274,"column":35},"skip":true},"60":{"start":{"line":275,"column":20},"end":{"line":284,"column":21},"skip":true},"61":{"start":{"line":277,"column":24},"end":{"line":277,"column":64},"skip":true},"62":{"start":{"line":279,"column":24},"end":{"line":279,"column":40},"skip":true},"63":{"start":{"line":281,"column":24},"end":{"line":281,"column":40},"skip":true},"64":{"start":{"line":283,"column":24},"end":{"line":283,"column":39},"skip":true},"65":{"start":{"line":288,"column":8},"end":{"line":290,"column":9},"skip":true},"66":{"start":{"line":289,"column":12},"end":{"line":289,"column":18},"skip":true},"67":{"start":{"line":291,"column":8},"end":{"line":293,"column":54},"skip":true},"68":{"start":{"line":296,"column":8},"end":{"line":301,"column":37},"skip":true},"69":{"start":{"line":303,"column":8},"end":{"line":303,"column":82},"skip":true},"70":{"start":{"line":306,"column":8},"end":{"line":308,"column":9},"skip":true},"71":{"start":{"line":307,"column":12},"end":{"line":307,"column":82},"skip":true},"72":{"start":{"line":310,"column":8},"end":{"line":312,"column":9},"skip":true},"73":{"start":{"line":311,"column":12},"end":{"line":311,"column":18},"skip":true},"74":{"start":{"line":313,"column":8},"end":{"line":313,"column":54},"skip":true},"75":{"start":{"line":314,"column":8},"end":{"line":314,"column":69},"skip":true},"76":{"start":{"line":315,"column":8},"end":{"line":323,"column":36},"skip":true},"77":{"start":{"line":316,"column":12},"end":{"line":316,"column":61},"skip":true},"78":{"start":{"line":317,"column":12},"end":{"line":320,"column":13},"skip":true},"79":{"start":{"line":318,"column":16},"end":{"line":318,"column":75},"skip":true},"80":{"start":{"line":319,"column":16},"end":{"line":319,"column":23},"skip":true},"81":{"start":{"line":321,"column":12},"end":{"line":321,"column":38},"skip":true},"82":{"start":{"line":322,"column":12},"end":{"line":322,"column":27},"skip":true},"83":{"start":{"line":324,"column":8},"end":{"line":324,"column":14},"skip":true}},"branchMap":{"1":{"line":39,"type":"binary-expr","locations":[{"start":{"line":39,"column":23},"end":{"line":39,"column":62}},{"start":{"line":40,"column":20},"end":{"line":40,"column":70}},{"start":{"line":41,"column":20},"end":{"line":41,"column":71}},{"start":{"line":42,"column":20},"end":{"line":42,"column":29}}]},"2":{"line":44,"type":"binary-expr","locations":[{"start":{"line":44,"column":23},"end":{"line":44,"column":37}},{"start":{"line":45,"column":20},"end":{"line":45,"column":61}},{"start":{"line":46,"column":20},"end":{"line":46,"column":70}},{"start":{"line":47,"column":20},"end":{"line":47,"column":26}}]},"3":{"line":51,"type":"cond-expr","locations":[{"start":{"line":52,"column":14},"end":{"line":52,"column":20}},{"start":{"line":53,"column":14},"end":{"line":53,"column":20}}]},"4":{"line":55,"type":"binary-expr","locations":[{"start":{"line":55,"column":16},"end":{"line":55,"column":44}},{"start":{"line":55,"column":49},"end":{"line":57,"column":43}}]},"5":{"line":55,"type":"cond-expr","locations":[{"start":{"line":56,"column":14},"end":{"line":56,"column":51}},{"start":{"line":57,"column":14},"end":{"line":57,"column":43}}]},"6":{"line":61,"type":"switch","locations":[{"start":{"line":68,"column":4},"end":{"line":150,"column":14},"skip":true},{"start":{"line":156,"column":4},"end":{"line":324,"column":14},"skip":true}]},"7":{"line":70,"type":"if","locations":[{"start":{"line":70,"column":12},"end":{"line":70,"column":12},"skip":true},{"start":{"line":70,"column":12},"end":{"line":70,"column":12},"skip":true}]},"8":{"line":70,"type":"binary-expr","locations":[{"start":{"line":70,"column":16},"end":{"line":70,"column":22},"skip":true},{"start":{"line":70,"column":27},"end":{"line":70,"column":32},"skip":true},{"start":{"line":71,"column":20},"end":{"line":71,"column":39},"skip":true},{"start":{"line":72,"column":20},"end":{"line":72,"column":49},"skip":true},{"start":{"line":73,"column":20},"end":{"line":73,"column":58},"skip":true},{"start":{"line":74,"column":20},"end":{"line":74,"column":69},"skip":true}]},"9":{"line":79,"type":"switch","locations":[{"start":{"line":80,"column":20},"end":{"line":80,"column":33},"skip":true},{"start":{"line":81,"column":20},"end":{"line":83,"column":30},"skip":true},{"start":{"line":84,"column":20},"end":{"line":85,"column":49},"skip":true}]},"10":{"line":89,"type":"switch","locations":[{"start":{"line":90,"column":12},"end":{"line":103,"column":22},"skip":true},{"start":{"line":105,"column":12},"end":{"line":106,"column":22},"skip":true}]},"11":{"line":89,"type":"binary-expr","locations":[{"start":{"line":89,"column":20},"end":{"line":89,"column":25},"skip":true},{"start":{"line":89,"column":29},"end":{"line":89,"column":48},"skip":true},{"start":{"line":89,"column":52},"end":{"line":89,"column":74},"skip":true}]},"12":{"line":92,"type":"if","locations":[{"start":{"line":92,"column":16},"end":{"line":92,"column":16},"skip":true},{"start":{"line":92,"column":16},"end":{"line":92,"column":16},"skip":true}]},"13":{"line":108,"type":"if","locations":[{"start":{"line":108,"column":12},"end":{"line":108,"column":12},"skip":true},{"start":{"line":108,"column":12},"end":{"line":108,"column":12},"skip":true}]},"14":{"line":108,"type":"binary-expr","locations":[{"start":{"line":108,"column":16},"end":{"line":108,"column":61},"skip":true},{"start":{"line":108,"column":66},"end":{"line":108,"column":72},"skip":true},{"start":{"line":108,"column":77},"end":{"line":108,"column":82},"skip":true},{"start":{"line":109,"column":20},"end":{"line":109,"column":39},"skip":true},{"start":{"line":110,"column":20},"end":{"line":110,"column":49},"skip":true},{"start":{"line":111,"column":20},"end":{"line":111,"column":58},"skip":true},{"start":{"line":112,"column":20},"end":{"line":112,"column":68},"skip":true}]},"15":{"line":129,"type":"if","locations":[{"start":{"line":129,"column":16},"end":{"line":129,"column":16},"skip":true},{"start":{"line":129,"column":16},"end":{"line":129,"column":16},"skip":true}]},"16":{"line":134,"type":"cond-expr","locations":[{"start":{"line":135,"column":26},"end":{"line":135,"column":29},"skip":true},{"start":{"line":136,"column":26},"end":{"line":136,"column":54},"skip":true}]},"17":{"line":164,"type":"binary-expr","locations":[{"start":{"line":164,"column":27},"end":{"line":164,"column":43},"skip":true},{"start":{"line":164,"column":47},"end":{"line":164,"column":49},"skip":true}]},"18":{"line":258,"type":"if","locations":[{"start":{"line":258,"column":8},"end":{"line":258,"column":8},"skip":true},{"start":{"line":258,"column":8},"end":{"line":258,"column":8},"skip":true}]},"19":{"line":275,"type":"switch","locations":[{"start":{"line":276,"column":20},"end":{"line":277,"column":64},"skip":true},{"start":{"line":278,"column":20},"end":{"line":279,"column":40},"skip":true},{"start":{"line":280,"column":20},"end":{"line":281,"column":40},"skip":true},{"start":{"line":282,"column":20},"end":{"line":283,"column":39},"skip":true}]},"20":{"line":288,"type":"if","locations":[{"start":{"line":288,"column":8},"end":{"line":288,"column":8},"skip":true},{"start":{"line":288,"column":8},"end":{"line":288,"column":8},"skip":true}]},"21":{"line":288,"type":"binary-expr","locations":[{"start":{"line":288,"column":12},"end":{"line":288,"column":40},"skip":true},{"start":{"line":288,"column":44},"end":{"line":288,"column":67},"skip":true}]},"22":{"line":292,"type":"binary-expr","locations":[{"start":{"line":292,"column":12},"end":{"line":292,"column":50},"skip":true},{"start":{"line":293,"column":12},"end":{"line":293,"column":53},"skip":true}]},"23":{"line":297,"type":"binary-expr","locations":[{"start":{"line":297,"column":12},"end":{"line":297,"column":65},"skip":true},{"start":{"line":298,"column":12},"end":{"line":301,"column":36},"skip":true}]},"24":{"line":303,"type":"binary-expr","locations":[{"start":{"line":303,"column":43},"end":{"line":303,"column":75},"skip":true},{"start":{"line":303,"column":79},"end":{"line":303,"column":81},"skip":true}]},"25":{"line":306,"type":"if","locations":[{"start":{"line":306,"column":8},"end":{"line":306,"column":8},"skip":true},{"start":{"line":306,"column":8},"end":{"line":306,"column":8},"skip":true}]},"26":{"line":310,"type":"if","locations":[{"start":{"line":310,"column":8},"end":{"line":310,"column":8},"skip":true},{"start":{"line":310,"column":8},"end":{"line":310,"column":8},"skip":true}]},"27":{"line":313,"type":"binary-expr","locations":[{"start":{"line":313,"column":27},"end":{"line":313,"column":43},"skip":true},{"start":{"line":313,"column":47},"end":{"line":313,"column":53},"skip":true}]},"28":{"line":317,"type":"if","locations":[{"start":{"line":317,"column":12},"end":{"line":317,"column":12},"skip":true},{"start":{"line":317,"column":12},"end":{"line":317,"column":12},"skip":true}]}},"code":["/*","example.js","","quickstart example","","instruction","    1. save this script as example.js","    2. run the shell command:","        $ npm install npmtest-preboot && PORT=8081 node example.js","    3. play with the browser-demo on http://127.0.0.1:8081","*/","","","","/* istanbul instrument in package npmtest_preboot */","/*jslint","    bitwise: true,","    browser: true,","    maxerr: 8,","    maxlen: 96,","    node: true,","    nomen: true,","    regexp: true,","    stupid: true","*/","(function () {","    'use strict';","    var local;","","","","    // run shared js-env code - pre-init","    (function () {","        // init local","        local = {};","        // init modeJs","        local.modeJs = (function () {","            try {","                return typeof navigator.userAgent === 'string' &&","                    typeof document.querySelector('body') === 'object' &&","                    typeof XMLHttpRequest.prototype.open === 'function' &&","                    'browser';","            } catch (errorCaughtBrowser) {","                return module.exports &&","                    typeof process.versions.node === 'string' &&","                    typeof require('http').createServer === 'function' &&","                    'node';","            }","        }());","        // init global","        local.global = local.modeJs === 'browser'","            ? window","            : global;","        // init utility2_rollup","        local = local.global.utility2_rollup || (local.modeJs === 'browser'","            ? local.global.utility2_npmtest_preboot","            : global.utility2_moduleExports);","        // export local","        local.global.local = local;","    }());","    switch (local.modeJs) {","","","","    // post-init","    // run browser js-env code - post-init","    /* istanbul ignore next */","    case 'browser':","        local.testRunBrowser = function (event) {","            if (!event || (event &&","                    event.currentTarget &&","                    event.currentTarget.className &&","                    event.currentTarget.className.includes &&","                    event.currentTarget.className.includes('onreset'))) {","                // reset output","                Array.from(","                    document.querySelectorAll('body > .resettable')","                ).forEach(function (element) {","                    switch (element.tagName) {","                    case 'INPUT':","                    case 'TEXTAREA':","                        element.value = '';","                        break;","                    default:","                        element.textContent = '';","                    }","                });","            }","            switch (event && event.currentTarget && event.currentTarget.id) {","            case 'testRunButton1':","                // show tests","                if (document.querySelector('#testReportDiv1').style.display === 'none') {","                    document.querySelector('#testReportDiv1').style.display = 'block';","                    document.querySelector('#testRunButton1').textContent =","                        'hide internal test';","                    local.modeTest = true;","                    local.testRunDefault(local);","                // hide tests","                } else {","                    document.querySelector('#testReportDiv1').style.display = 'none';","                    document.querySelector('#testRunButton1').textContent = 'run internal test';","                }","                break;","            // custom-case","            default:","                break;","            }","            if (document.querySelector('#inputTextareaEval1') && (!event || (event &&","                    event.currentTarget &&","                    event.currentTarget.className &&","                    event.currentTarget.className.includes &&","                    event.currentTarget.className.includes('oneval')))) {","                // try to eval input-code","                try {","                    /*jslint evil: true*/","                    eval(document.querySelector('#inputTextareaEval1').value);","                } catch (errorCaught) {","                    console.error(errorCaught);","                }","            }","        };","        // log stderr and stdout to #outputTextareaStdout1","        ['error', 'log'].forEach(function (key) {","            console[key + '_original'] = console[key];","            console[key] = function () {","                var element;","                console[key + '_original'].apply(console, arguments);","                element = document.querySelector('#outputTextareaStdout1');","                if (!element) {","                    return;","                }","                // append text to #outputTextareaStdout1","                element.value += Array.from(arguments).map(function (arg) {","                    return typeof arg === 'string'","                        ? arg","                        : JSON.stringify(arg, null, 4);","                }).join(' ') + '\\n';","                // scroll textarea to bottom","                element.scrollTop = element.scrollHeight;","            };","        });","        // init event-handling","        ['change', 'click', 'keyup'].forEach(function (event) {","            Array.from(document.querySelectorAll('.on' + event)).forEach(function (element) {","                element.addEventListener(event, local.testRunBrowser);","            });","        });","        // run tests","        local.testRunBrowser();","        break;","","","","    // run node js-env code - post-init","    /* istanbul ignore next */","    case 'node':","        // export local","        module.exports = local;","        // require modules","        local.fs = require('fs');","        local.http = require('http');","        local.url = require('url');","        // init assets","        local.assetsDict = local.assetsDict || {};","        /* jslint-ignore-begin */","        local.assetsDict['/assets.index.template.html'] = '\\","<!doctype html>\\n\\","<html lang=\"en\">\\n\\","<head>\\n\\","<meta charset=\"UTF-8\">\\n\\","<meta name=\"viewport\" content=\"width=device-width, initial-scale=1\">\\n\\","<title>{{env.npm_package_name}} (v{{env.npm_package_version}})</title>\\n\\","<style>\\n\\","/*csslint\\n\\","    box-sizing: false,\\n\\","    universal-selector: false\\n\\","*/\\n\\","* {\\n\\","    box-sizing: border-box;\\n\\","}\\n\\","body {\\n\\","    background: #dde;\\n\\","    font-family: Arial, Helvetica, sans-serif;\\n\\","    margin: 2rem;\\n\\","}\\n\\","body > * {\\n\\","    margin-bottom: 1rem;\\n\\","}\\n\\",".utility2FooterDiv {\\n\\","    margin-top: 20px;\\n\\","    text-align: center;\\n\\","}\\n\\","</style>\\n\\","<style>\\n\\","/*csslint\\n\\","*/\\n\\","textarea {\\n\\","    font-family: monospace;\\n\\","    height: 10rem;\\n\\","    width: 100%;\\n\\","}\\n\\","textarea[readonly] {\\n\\","    background: #ddd;\\n\\","}\\n\\","</style>\\n\\","</head>\\n\\","<body>\\n\\","<!-- utility2-comment\\n\\","<div id=\"ajaxProgressDiv1\" style=\"background: #d00; height: 2px; left: 0; margin: 0; padding: 0; position: fixed; top: 0; transition: background 0.5s, width 1.5s; width: 25%;\"></div>\\n\\","utility2-comment -->\\n\\","<h1>\\n\\","<!-- utility2-comment\\n\\","    <a\\n\\","        {{#if env.npm_package_homepage}}\\n\\","        href=\"{{env.npm_package_homepage}}\"\\n\\","        {{/if env.npm_package_homepage}}\\n\\","        target=\"_blank\"\\n\\","    >\\n\\","utility2-comment -->\\n\\","        {{env.npm_package_name}} (v{{env.npm_package_version}})\\n\\","<!-- utility2-comment\\n\\","    </a>\\n\\","utility2-comment -->\\n\\","</h1>\\n\\","<h3>{{env.npm_package_description}}</h3>\\n\\","<!-- utility2-comment\\n\\","<h4><a download href=\"assets.app.js\">download standalone app</a></h4>\\n\\","<button class=\"onclick onreset\" id=\"testRunButton1\">run internal test</button><br>\\n\\","<div id=\"testReportDiv1\" style=\"display: none;\"></div>\\n\\","utility2-comment -->\\n\\","\\n\\","\\n\\","\\n\\","<label>stderr and stdout</label>\\n\\","<textarea class=\"resettable\" id=\"outputTextareaStdout1\" readonly></textarea>\\n\\","<!-- utility2-comment\\n\\","{{#if isRollup}}\\n\\","<script src=\"assets.app.js\"></script>\\n\\","{{#unless isRollup}}\\n\\","utility2-comment -->\\n\\","<script src=\"assets.utility2.rollup.js\"></script>\\n\\","<script src=\"jsonp.utility2._stateInit?callback=window.utility2._stateInit\"></script>\\n\\","<script src=\"assets.npmtest_preboot.rollup.js\"></script>\\n\\","<script src=\"assets.example.js\"></script>\\n\\","<script src=\"assets.test.js\"></script>\\n\\","<!-- utility2-comment\\n\\","{{/if isRollup}}\\n\\","utility2-comment -->\\n\\","<div class=\"utility2FooterDiv\">\\n\\","    [ this app was created with\\n\\","    <a href=\"https://github.com/kaizhu256/node-utility2\" target=\"_blank\">utility2</a>\\n\\","    ]\\n\\","</div>\\n\\","</body>\\n\\","</html>\\n\\","';","        /* jslint-ignore-end */","        if (local.templateRender) {","            local.assetsDict['/'] = local.templateRender(","                local.assetsDict['/assets.index.template.html'],","                {","                    env: local.objectSetDefault(local.env, {","                        npm_package_description: 'the greatest app in the world!',","                        npm_package_name: 'my-app',","                        npm_package_nameAlias: 'my_app',","                        npm_package_version: '0.0.1'","                    })","                }","            );","        } else {","            local.assetsDict['/'] = local.assetsDict['/assets.index.template.html']","                .replace((/\\{\\{env\\.(\\w+?)\\}\\}/g), function (match0, match1) {","                    // jslint-hack","                    String(match0);","                    switch (match1) {","                    case 'npm_package_description':","                        return 'the greatest app in the world!';","                    case 'npm_package_name':","                        return 'my-app';","                    case 'npm_package_nameAlias':","                        return 'my_app';","                    case 'npm_package_version':","                        return '0.0.1';","                    }","                });","        }","        // run the cli","        if (local.global.utility2_rollup || module !== require.main) {","            break;","        }","        local.assetsDict['/assets.example.js'] =","            local.assetsDict['/assets.example.js'] ||","            local.fs.readFileSync(__filename, 'utf8');","        // bug-workaround - long $npm_package_buildCustomOrg","        /* jslint-ignore-begin */","        local.assetsDict['/assets.npmtest_preboot.rollup.js'] =","            local.assetsDict['/assets.npmtest_preboot.rollup.js'] ||","            local.fs.readFileSync(","                local.npmtest_preboot.__dirname + '/lib.npmtest_preboot.js',","                'utf8'","            ).replace((/^#!/), '//');","        /* jslint-ignore-end */","        local.assetsDict['/favicon.ico'] = local.assetsDict['/favicon.ico'] || '';","        // if $npm_config_timeout_exit exists,","        // then exit this process after $npm_config_timeout_exit ms","        if (Number(process.env.npm_config_timeout_exit)) {","            setTimeout(process.exit, Number(process.env.npm_config_timeout_exit));","        }","        // start server","        if (local.global.utility2_serverHttp1) {","            break;","        }","        process.env.PORT = process.env.PORT || '8081';","        console.error('server starting on port ' + process.env.PORT);","        local.http.createServer(function (request, response) {","            request.urlParsed = local.url.parse(request.url);","            if (local.assetsDict[request.urlParsed.pathname] !== undefined) {","                response.end(local.assetsDict[request.urlParsed.pathname]);","                return;","            }","            response.statusCode = 404;","            response.end();","        }).listen(process.env.PORT);","        break;","    }","}());",""],"l":{"26":2,"28":2,"33":2,"35":2,"37":2,"38":2,"39":2,"44":1,"51":2,"55":2,"59":2,"61":2,"69":1,"70":2,"76":2,"79":2,"82":2,"83":2,"85":1,"89":2,"92":1,"93":1,"94":1,"96":1,"97":1,"100":1,"101":1,"103":1,"106":1,"108":2,"114":1,"116":1,"118":1,"123":1,"124":2,"125":2,"126":3,"127":3,"128":3,"129":3,"130":1,"133":3,"134":3,"139":3,"143":1,"144":3,"145":1,"149":1,"150":1,"158":1,"160":1,"161":1,"162":1,"164":1,"166":1,"258":1,"259":1,"271":1,"274":6,"275":6,"277":1,"279":2,"281":1,"283":2,"288":1,"289":1,"291":1,"296":1,"303":1,"306":1,"307":1,"310":1,"311":1,"313":1,"314":1,"315":1,"316":1,"317":1,"318":1,"319":1,"321":1,"322":1,"324":1}},"/home/travis/build/npmtest/node-npmtest-preboot/node_modules/preboot/__build/src/node/preboot_node.js":{"path":"/home/travis/build/npmtest/node-npmtest-preboot/node_modules/preboot/__build/src/node/preboot_node.js","s":{"1":1,"2":1,"3":1,"4":1,"5":1,"6":1,"7":1,"8":0,"9":0,"10":0,"11":0,"12":0,"13":0,"14":0,"15":1,"16":1,"17":0,"18":0,"19":0,"20":0,"21":0,"22":0,"23":0,"24":0,"25":0,"26":0,"27":0,"28":1,"29":1,"30":0,"31":0,"32":1,"33":0,"34":0,"35":0,"36":0,"37":0,"38":0,"39":0,"40":0,"41":0,"42":0,"43":0,"44":0,"45":0,"46":1,"47":1,"48":0,"49":0,"50":0,"51":0,"52":0,"53":0,"54":0,"55":0,"56":0,"57":0,"58":0,"59":0,"60":0,"61":0,"62":0,"63":1},"b":{"1":[0,0],"2":[0,0],"3":[0,0],"4":[0,0],"5":[0,0],"6":[0,0],"7":[0,0],"8":[0,0],"9":[0,0],"10":[0,0],"11":[0,0,0,0],"12":[0,0],"13":[0,0],"14":[0,0],"15":[0,0],"16":[0,0],"17":[0,0],"18":[0,0,0,0]},"f":{"1":0,"2":0,"3":0,"4":0,"5":0,"6":0},"fnMap":{"1":{"name":"getBrowserCode","line":29,"loc":{"start":{"line":29,"column":0},"end":{"line":29,"column":39}}},"2":{"name":"getInlineCode","line":58,"loc":{"start":{"line":58,"column":0},"end":{"line":58,"column":38}}},"3":{"name":"validateOptions","line":85,"loc":{"start":{"line":85,"column":0},"end":{"line":85,"column":31}}},"4":{"name":"assign","line":101,"loc":{"start":{"line":101,"column":0},"end":{"line":101,"column":24}}},"5":{"name":"stringifyWithFunctions","line":131,"loc":{"start":{"line":131,"column":0},"end":{"line":131,"column":37}}},"6":{"name":"(anonymous_6)","line":135,"loc":{"start":{"line":135,"column":34},"end":{"line":135,"column":56}}}},"statementMap":{"1":{"start":{"line":2,"column":0},"end":{"line":2,"column":59}},"2":{"start":{"line":3,"column":0},"end":{"line":3,"column":62}},"3":{"start":{"line":4,"column":0},"end":{"line":4,"column":23}},"4":{"start":{"line":5,"column":0},"end":{"line":5,"column":27}},"5":{"start":{"line":6,"column":0},"end":{"line":6,"column":25}},"6":{"start":{"line":8,"column":0},"end":{"line":22,"column":2}},"7":{"start":{"line":29,"column":0},"end":{"line":49,"column":1}},"8":{"start":{"line":30,"column":4},"end":{"line":30,"column":40}},"9":{"start":{"line":32,"column":4},"end":{"line":33,"column":45}},"10":{"start":{"line":34,"column":4},"end":{"line":41,"column":7}},"11":{"start":{"line":43,"column":4},"end":{"line":43,"column":92}},"12":{"start":{"line":44,"column":4},"end":{"line":46,"column":90}},"13":{"start":{"line":47,"column":4},"end":{"line":47,"column":57}},"14":{"start":{"line":48,"column":4},"end":{"line":48,"column":43}},"15":{"start":{"line":50,"column":0},"end":{"line":50,"column":40}},"16":{"start":{"line":58,"column":0},"end":{"line":79,"column":1}},"17":{"start":{"line":59,"column":4},"end":{"line":59,"column":65}},"18":{"start":{"line":61,"column":4},"end":{"line":61,"column":26}},"19":{"start":{"line":63,"column":4},"end":{"line":63,"column":39}},"20":{"start":{"line":64,"column":4},"end":{"line":66,"column":5}},"21":{"start":{"line":65,"column":8},"end":{"line":65,"column":40}},"22":{"start":{"line":68,"column":4},"end":{"line":68,"column":91}},"23":{"start":{"line":69,"column":4},"end":{"line":71,"column":49}},"24":{"start":{"line":73,"column":4},"end":{"line":73,"column":87}},"25":{"start":{"line":75,"column":4},"end":{"line":77,"column":5}},"26":{"start":{"line":76,"column":8},"end":{"line":76,"column":46}},"27":{"start":{"line":78,"column":4},"end":{"line":78,"column":22}},"28":{"start":{"line":80,"column":0},"end":{"line":80,"column":38}},"29":{"start":{"line":85,"column":0},"end":{"line":92,"column":1}},"30":{"start":{"line":86,"column":4},"end":{"line":91,"column":5}},"31":{"start":{"line":88,"column":8},"end":{"line":90,"column":104}},"32":{"start":{"line":101,"column":0},"end":{"line":121,"column":1}},"33":{"start":{"line":102,"column":4},"end":{"line":102,"column":24}},"34":{"start":{"line":103,"column":4},"end":{"line":105,"column":5}},"35":{"start":{"line":104,"column":8},"end":{"line":104,"column":43}},"36":{"start":{"line":106,"column":4},"end":{"line":108,"column":5}},"37":{"start":{"line":107,"column":8},"end":{"line":107,"column":74}},"38":{"start":{"line":109,"column":4},"end":{"line":109,"column":32}},"39":{"start":{"line":110,"column":4},"end":{"line":119,"column":5}},"40":{"start":{"line":111,"column":8},"end":{"line":111,"column":39}},"41":{"start":{"line":112,"column":8},"end":{"line":118,"column":9}},"42":{"start":{"line":113,"column":12},"end":{"line":117,"column":13}},"43":{"start":{"line":114,"column":16},"end":{"line":116,"column":17}},"44":{"start":{"line":115,"column":20},"end":{"line":115,"column":54}},"45":{"start":{"line":120,"column":4},"end":{"line":120,"column":18}},"46":{"start":{"line":122,"column":0},"end":{"line":122,"column":24}},"47":{"start":{"line":131,"column":0},"end":{"line":156,"column":1}},"48":{"start":{"line":132,"column":4},"end":{"line":132,"column":43}},"49":{"start":{"line":133,"column":4},"end":{"line":133,"column":41}},"50":{"start":{"line":135,"column":4},"end":{"line":143,"column":7}},"51":{"start":{"line":137,"column":8},"end":{"line":142,"column":9}},"52":{"start":{"line":138,"column":12},"end":{"line":138,"column":61}},"53":{"start":{"line":141,"column":12},"end":{"line":141,"column":25}},"54":{"start":{"line":145,"column":4},"end":{"line":145,"column":47}},"55":{"start":{"line":146,"column":4},"end":{"line":146,"column":24}},"56":{"start":{"line":147,"column":4},"end":{"line":154,"column":5}},"57":{"start":{"line":148,"column":8},"end":{"line":148,"column":45}},"58":{"start":{"line":150,"column":8},"end":{"line":150,"column":74}},"59":{"start":{"line":151,"column":8},"end":{"line":151,"column":38}},"60":{"start":{"line":152,"column":8},"end":{"line":152,"column":106}},"61":{"start":{"line":153,"column":8},"end":{"line":153,"column":47}},"62":{"start":{"line":155,"column":4},"end":{"line":155,"column":15}},"63":{"start":{"line":157,"column":0},"end":{"line":157,"column":56}}},"branchMap":{"1":{"line":30,"type":"binary-expr","locations":[{"start":{"line":30,"column":20},"end":{"line":30,"column":33}},{"start":{"line":30,"column":37},"end":{"line":30,"column":39}}]},"2":{"line":35,"type":"binary-expr","locations":[{"start":{"line":35,"column":17},"end":{"line":35,"column":38}},{"start":{"line":35,"column":42},"end":{"line":35,"column":47}}]},"3":{"line":44,"type":"cond-expr","locations":[{"start":{"line":45,"column":8},"end":{"line":45,"column":47}},{"start":{"line":46,"column":9},"end":{"line":46,"column":88}}]},"4":{"line":44,"type":"binary-expr","locations":[{"start":{"line":44,"column":23},"end":{"line":44,"column":43}},{"start":{"line":44,"column":47},"end":{"line":44,"column":73}}]},"5":{"line":64,"type":"if","locations":[{"start":{"line":64,"column":4},"end":{"line":64,"column":4}},{"start":{"line":64,"column":4},"end":{"line":64,"column":4}}]},"6":{"line":64,"type":"binary-expr","locations":[{"start":{"line":64,"column":8},"end":{"line":64,"column":27}},{"start":{"line":64,"column":31},"end":{"line":64,"column":55}}]},"7":{"line":69,"type":"cond-expr","locations":[{"start":{"line":70,"column":8},"end":{"line":70,"column":47}},{"start":{"line":71,"column":8},"end":{"line":71,"column":48}}]},"8":{"line":69,"type":"binary-expr","locations":[{"start":{"line":69,"column":22},"end":{"line":69,"column":33}},{"start":{"line":69,"column":37},"end":{"line":69,"column":63}}]},"9":{"line":75,"type":"if","locations":[{"start":{"line":75,"column":4},"end":{"line":75,"column":4}},{"start":{"line":75,"column":4},"end":{"line":75,"column":4}}]},"10":{"line":86,"type":"if","locations":[{"start":{"line":86,"column":4},"end":{"line":86,"column":4}},{"start":{"line":86,"column":4},"end":{"line":86,"column":4}}]},"11":{"line":86,"type":"binary-expr","locations":[{"start":{"line":86,"column":9},"end":{"line":86,"column":22}},{"start":{"line":86,"column":26},"end":{"line":86,"column":46}},{"start":{"line":87,"column":9},"end":{"line":87,"column":31}},{"start":{"line":87,"column":35},"end":{"line":87,"column":64}}]},"12":{"line":106,"type":"if","locations":[{"start":{"line":106,"column":4},"end":{"line":106,"column":4}},{"start":{"line":106,"column":4},"end":{"line":106,"column":4}}]},"13":{"line":106,"type":"binary-expr","locations":[{"start":{"line":106,"column":8},"end":{"line":106,"column":28}},{"start":{"line":106,"column":32},"end":{"line":106,"column":47}}]},"14":{"line":112,"type":"if","locations":[{"start":{"line":112,"column":8},"end":{"line":112,"column":8}},{"start":{"line":112,"column":8},"end":{"line":112,"column":8}}]},"15":{"line":112,"type":"binary-expr","locations":[{"start":{"line":112,"column":12},"end":{"line":112,"column":32}},{"start":{"line":112,"column":36},"end":{"line":112,"column":51}}]},"16":{"line":114,"type":"if","locations":[{"start":{"line":114,"column":16},"end":{"line":114,"column":16}},{"start":{"line":114,"column":16},"end":{"line":114,"column":16}}]},"17":{"line":137,"type":"if","locations":[{"start":{"line":137,"column":8},"end":{"line":137,"column":8}},{"start":{"line":137,"column":8},"end":{"line":137,"column":8}}]},"18":{"line":137,"type":"binary-expr","locations":[{"start":{"line":137,"column":15},"end":{"line":137,"column":20}},{"start":{"line":137,"column":24},"end":{"line":137,"column":41}},{"start":{"line":137,"column":45},"end":{"line":137,"column":55}},{"start":{"line":137,"column":59},"end":{"line":137,"column":70}}]}},"code":["\"use strict\";","var preboot_inline_1 = require('../inline/preboot_inline');","var preboot_browser_1 = require('../browser/preboot_browser');","var fs = require('fs');","var path = require('path');","var inlineCodeCache = {};","// exporting default options in case developer wants to use these + custom on top","exports.defaultOptions = {","    buffer: true,","    // these are the default events are are listening for an transfering from server view to client view","    eventSelectors: [","        // for recording changes in form elements","        { selector: 'input,textarea', events: ['keypress', 'keyup', 'keydown', 'input', 'change'] },","        { selector: 'select,option', events: ['change'] },","        // when user hits return button in an input box","        { selector: 'input', events: ['keyup'], preventDefault: true, keyCodes: [13], freeze: true },","        // for tracking focus (no need to replay)","        { selector: 'input,textarea', events: ['focusin', 'focusout', 'mousedown', 'mouseup'], noReplay: true },","        // user clicks on a button","        { selector: 'input[type=\"submit\"],button', events: ['click'], preventDefault: true, freeze: true }","    ]","};","/**"," * Deprecated function just used for backward compatibility."," * note that certian older options for preboot like listen, replay, freeze, etc. are no longer available"," *"," * @param legacyOptions Object that contains legacy preboot options"," */","function getBrowserCode(legacyOptions) {","    legacyOptions = legacyOptions || {};","    // we will remove this function with the next version","    console.warn('getBrowserCode() deprecated and many custom options no longer available. ' +","        'Please switch to getInlineCode().');","    var inlineCode = getInlineCode({","        appRoot: legacyOptions.appRoot || 'app',","        uglify: legacyOptions.uglify,","        buffer: legacyOptions.buffer,","        noInlineCache: legacyOptions.noInlineCache,","        eventSelectors: legacyOptions.eventSelectors,","        serverClientRoot: legacyOptions.serverClientRoot","    });","    // two different possibilities depending on how client is calling preboot_node","    var minCodePath = path.normalize(__dirname + '/../../../__dist/preboot_browser.min.js');","    var browserCode = (legacyOptions.uglify && fs.existsSync(minCodePath)) ?","        fs.readFileSync(minCodePath).toString() :","        (preboot_browser_1.prebootClient.toString() + '\\nvar preboot = prebootClient();');","    var deprecatedCode = inlineCode + '\\n' + browserCode;","    return Promise.resolve(deprecatedCode);","}","exports.getBrowserCode = getBrowserCode;","/**"," * Main entry point for the server side version of preboot. The main purpose"," * is to generate inline code that can be inserted into the server view."," *"," * @param customOptions PrebootOptions that override the defaults"," * @returns {string} Generated inline preboot code is returned"," */","function getInlineCode(customOptions) {","    var opts = assign({}, exports.defaultOptions, customOptions);","    // safety check to make sure options passed in are valid","    validateOptions(opts);","    // as long as we inline code caching isn't disabled and exists in cache, use the cache","    var optsKey = JSON.stringify(opts);","    if (!opts.noInlineCache && inlineCodeCache[optsKey]) {","        return inlineCodeCache[optsKey];","    }","    // two different possibilities depending on how client is calling preboot_node","    var minCodePath = path.normalize(__dirname + '/../../../__dist/preboot_inline.min.js');","    var inlineCode = (opts.uglify && fs.existsSync(minCodePath)) ?","        fs.readFileSync(minCodePath).toString() :","        preboot_inline_1.prebootstrap.toString();","    // generate the inline JavaScript from prebootstrap","    inlineCode += '\\n ' + 'prebootstrap().init(' + stringifyWithFunctions(opts) + ');';","    // cache results as long as caching not disabled","    if (!opts.noInlineCache) {","        inlineCodeCache[optsKey] = inlineCode;","    }","    return inlineCode;","}","exports.getInlineCode = getInlineCode;","/**"," * Throw an error if issues with any options"," * @param opts"," */","function validateOptions(opts) {","    if ((!opts.appRoot || !opts.appRoot.length) &&","        (!opts.serverClientRoot || !opts.serverClientRoot.length)) {","        throw new Error('The appRoot is missing from preboot options. ' +","            'This is needed to find the root of your application. ' +","            'Set this value in the preboot options to be a selector for the root element of your app.');","    }","}","/**"," * For some reason, Object.assign() is not fully supporting in TypeScript, so"," * this is just a simple implementation of it"," *"," * @param target The target object"," * @param optionSets Any number of addition objects that are added on top of the target"," * @returns {Object} A new object that contains all the merged values"," */","function assign(target) {","    var optionSets = [];","    for (var _i = 1; _i < arguments.length; _i++) {","        optionSets[_i - 1] = arguments[_i];","    }","    if (target === undefined || target === null) {","        throw new TypeError('Cannot convert undefined or null to object');","    }","    var output = Object(target);","    for (var index = 0; index < optionSets.length; index++) {","        var source = optionSets[index];","        if (source !== undefined && source !== null) {","            for (var nextKey in source) {","                if (source.hasOwnProperty(nextKey)) {","                    output[nextKey] = source[nextKey];","                }","            }","        }","    }","    return output;","}","exports.assign = assign;","/**"," * Stringify an object and include functions. This is needed since we are letting"," * users pass in options that include custom functions for things like the"," * freeze handler or action when an event occurs"," *"," * @param obj This is the object you want to stringify that includes some functions"," * @returns {string} The stringified version of an object"," */","function stringifyWithFunctions(obj) {","    var FUNC_START = 'START_FUNCTION_HERE';","    var FUNC_STOP = 'STOP_FUNCTION_HERE';","    // first stringify except mark off functions with markers","    var str = JSON.stringify(obj, function (key, value) {","        // if the value is a function, we want to wrap it with markers","        if (!!(value && value.constructor && value.call && value.apply)) {","            return FUNC_START + value.toString() + FUNC_STOP;","        }","        else {","            return value;","        }","    });","    // now we use the markers to replace function strings with actual functions","    var startFuncIdx = str.indexOf(FUNC_START);","    var stopFuncIdx, fn;","    while (startFuncIdx >= 0) {","        stopFuncIdx = str.indexOf(FUNC_STOP);","        // pull string out","        fn = str.substring(startFuncIdx + FUNC_START.length, stopFuncIdx);","        fn = fn.replace(/\\\\n/g, '\\n');","        str = str.substring(0, startFuncIdx - 1) + fn + str.substring(stopFuncIdx + FUNC_STOP.length + 1);","        startFuncIdx = str.indexOf(FUNC_START);","    }","    return str;","}","exports.stringifyWithFunctions = stringifyWithFunctions;",""],"l":{"2":1,"3":1,"4":1,"5":1,"6":1,"8":1,"29":1,"30":0,"32":0,"34":0,"43":0,"44":0,"47":0,"48":0,"50":1,"58":1,"59":0,"61":0,"63":0,"64":0,"65":0,"68":0,"69":0,"73":0,"75":0,"76":0,"78":0,"80":1,"85":1,"86":0,"88":0,"101":1,"102":0,"103":0,"104":0,"106":0,"107":0,"109":0,"110":0,"111":0,"112":0,"113":0,"114":0,"115":0,"120":0,"122":1,"131":1,"132":0,"133":0,"135":0,"137":0,"138":0,"141":0,"145":0,"146":0,"147":0,"148":0,"150":0,"151":0,"152":0,"153":0,"155":0,"157":1}},"/home/travis/build/npmtest/node-npmtest-preboot/node_modules/preboot/__build/src/inline/preboot_inline.js":{"path":"/home/travis/build/npmtest/node-npmtest-preboot/node_modules/preboot/__build/src/inline/preboot_inline.js","s":{"1":1,"2":0,"3":0,"4":0,"5":1,"6":0,"7":0,"8":0,"9":1,"10":0,"11":0,"12":0,"13":0,"14":0,"15":0,"16":1,"17":0,"18":0,"19":0,"20":0,"21":0,"22":0,"23":0,"24":0,"25":0,"26":0,"27":0,"28":0,"29":0,"30":0,"31":1,"32":0,"33":0,"34":0,"35":0,"36":0,"37":1,"38":0,"39":0,"40":0,"41":0,"42":0,"43":0,"44":0,"45":0,"46":0,"47":0,"48":0,"49":0,"50":0,"51":0,"52":0,"53":0,"54":1,"55":0,"56":0,"57":0,"58":0,"59":0,"60":0,"61":0,"62":0,"63":0,"64":0,"65":0,"66":0,"67":0,"68":0,"69":1,"70":0,"71":0,"72":0,"73":0,"74":0,"75":0,"76":0,"77":0,"78":0,"79":0,"80":0,"81":0,"82":0,"83":0,"84":0,"85":0,"86":0,"87":0,"88":0,"89":0,"90":0,"91":0,"92":0,"93":0,"94":0,"95":0,"96":0,"97":1,"98":0,"99":0,"100":0,"101":0,"102":0,"103":0,"104":0,"105":0,"106":0,"107":0,"108":0,"109":0,"110":0,"111":0,"112":0,"113":0,"114":0,"115":0,"116":0,"117":0,"118":1,"119":0,"120":0,"121":0,"122":0,"123":0,"124":0,"125":0,"126":0,"127":0,"128":1,"129":0,"130":0,"131":0,"132":0,"133":0,"134":0,"135":0,"136":0,"137":0,"138":1},"b":{"1":[0,0],"2":[0,0],"3":[0,0],"4":[0,0],"5":[0,0],"6":[0,0],"7":[0,0],"8":[0,0],"9":[0,0],"10":[0,0],"11":[0,0],"12":[0,0],"13":[0,0],"14":[0,0],"15":[0,0],"16":[0,0],"17":[0,0],"18":[0,0],"19":[0,0],"20":[0,0],"21":[0,0],"22":[0,0],"23":[0,0],"24":[0,0],"25":[0,0],"26":[0,0],"27":[0,0],"28":[0,0],"29":[0,0],"30":[0,0],"31":[0,0],"32":[0,0,0],"33":[0,0],"34":[0,0],"35":[0,0],"36":[0,0],"37":[0,0],"38":[0,0],"39":[0,0],"40":[0,0],"41":[0,0],"42":[0,0],"43":[0,0,0,0],"44":[0,0]},"f":{"1":0,"2":0,"3":0,"4":0,"5":0,"6":0,"7":0,"8":0,"9":0,"10":0,"11":0,"12":0,"13":0,"14":0,"15":0,"16":0,"17":0,"18":0,"19":0,"20":0,"21":0},"fnMap":{"1":{"name":"prebootstrap","line":21,"loc":{"start":{"line":21,"column":0},"end":{"line":21,"column":24}}},"2":{"name":"init","line":30,"loc":{"start":{"line":30,"column":4},"end":{"line":30,"column":24}}},"3":{"name":"waitUntilReady","line":49,"loc":{"start":{"line":49,"column":4},"end":{"line":49,"column":34}}},"4":{"name":"(anonymous_4)","line":56,"loc":{"start":{"line":56,"column":23},"end":{"line":56,"column":35}}},"5":{"name":"start","line":75,"loc":{"start":{"line":75,"column":4},"end":{"line":75,"column":42}}},"6":{"name":"(anonymous_6)","line":94,"loc":{"start":{"line":94,"column":25},"end":{"line":94,"column":41}}},"7":{"name":"(anonymous_7)","line":99,"loc":{"start":{"line":99,"column":35},"end":{"line":99,"column":60}}},"8":{"name":"createOverlay","line":109,"loc":{"start":{"line":109,"column":4},"end":{"line":109,"column":37}}},"9":{"name":"getAppRoots","line":128,"loc":{"start":{"line":128,"column":4},"end":{"line":128,"column":41}}},"10":{"name":"(anonymous_10)","line":133,"loc":{"start":{"line":133,"column":37},"end":{"line":133,"column":57}}},"11":{"name":"(anonymous_11)","line":136,"loc":{"start":{"line":136,"column":22},"end":{"line":136,"column":38}}},"12":{"name":"handleEvents","line":165,"loc":{"start":{"line":165,"column":4},"end":{"line":165,"column":63}}},"13":{"name":"(anonymous_13)","line":178,"loc":{"start":{"line":178,"column":22},"end":{"line":178,"column":37}}},"14":{"name":"(anonymous_14)","line":179,"loc":{"start":{"line":179,"column":41},"end":{"line":179,"column":62}}},"15":{"name":"createListenHandler","line":199,"loc":{"start":{"line":199,"column":4},"end":{"line":199,"column":76}}},"16":{"name":"(anonymous_16)","line":200,"loc":{"start":{"line":200,"column":15},"end":{"line":200,"column":32}}},"17":{"name":"(anonymous_17)","line":210,"loc":{"start":{"line":210,"column":55},"end":{"line":210,"column":74}}},"18":{"name":"(anonymous_18)","line":245,"loc":{"start":{"line":245,"column":27},"end":{"line":245,"column":39}}},"19":{"name":"getNodeKey","line":267,"loc":{"start":{"line":267,"column":4},"end":{"line":267,"column":37}}},"20":{"name":"getSelection","line":301,"loc":{"start":{"line":301,"column":4},"end":{"line":301,"column":32}}},"21":{"name":"createBuffer","line":326,"loc":{"start":{"line":326,"column":4},"end":{"line":326,"column":32}}}},"statementMap":{"1":{"start":{"line":21,"column":0},"end":{"line":356,"column":1}},"2":{"start":{"line":22,"column":4},"end":{"line":22,"column":79}},"3":{"start":{"line":23,"column":4},"end":{"line":23,"column":44}},"4":{"start":{"line":24,"column":4},"end":{"line":24,"column":31}},"5":{"start":{"line":30,"column":4},"end":{"line":43,"column":5}},"6":{"start":{"line":32,"column":8},"end":{"line":32,"column":48}},"7":{"start":{"line":35,"column":8},"end":{"line":40,"column":10}},"8":{"start":{"line":42,"column":8},"end":{"line":42,"column":29}},"9":{"start":{"line":49,"column":4},"end":{"line":66,"column":5}},"10":{"start":{"line":50,"column":8},"end":{"line":50,"column":53}},"11":{"start":{"line":51,"column":8},"end":{"line":51,"column":50}},"12":{"start":{"line":52,"column":8},"end":{"line":59,"column":9}},"13":{"start":{"line":53,"column":12},"end":{"line":53,"column":34}},"14":{"start":{"line":56,"column":12},"end":{"line":58,"column":19}},"15":{"start":{"line":57,"column":16},"end":{"line":57,"column":37}},"16":{"start":{"line":75,"column":4},"end":{"line":101,"column":5}},"17":{"start":{"line":77,"column":8},"end":{"line":82,"column":9}},"18":{"start":{"line":78,"column":12},"end":{"line":78,"column":19}},"19":{"start":{"line":81,"column":12},"end":{"line":81,"column":34}},"20":{"start":{"line":85,"column":8},"end":{"line":85,"column":61}},"21":{"start":{"line":86,"column":8},"end":{"line":86,"column":49}},"22":{"start":{"line":87,"column":8},"end":{"line":87,"column":42}},"23":{"start":{"line":88,"column":8},"end":{"line":88,"column":55}},"24":{"start":{"line":90,"column":8},"end":{"line":90,"column":54}},"25":{"start":{"line":92,"column":8},"end":{"line":92,"column":63}},"26":{"start":{"line":94,"column":8},"end":{"line":100,"column":11}},"27":{"start":{"line":96,"column":12},"end":{"line":96,"column":53}},"28":{"start":{"line":97,"column":12},"end":{"line":97,"column":43}},"29":{"start":{"line":99,"column":12},"end":{"line":99,"column":123}},"30":{"start":{"line":99,"column":62},"end":{"line":99,"column":119}},"31":{"start":{"line":109,"column":4},"end":{"line":116,"column":5}},"32":{"start":{"line":110,"column":8},"end":{"line":110,"column":52}},"33":{"start":{"line":111,"column":8},"end":{"line":111,"column":53}},"34":{"start":{"line":112,"column":8},"end":{"line":113,"column":87}},"35":{"start":{"line":114,"column":8},"end":{"line":114,"column":43}},"36":{"start":{"line":115,"column":8},"end":{"line":115,"column":23}},"37":{"start":{"line":128,"column":4},"end":{"line":157,"column":5}},"38":{"start":{"line":129,"column":8},"end":{"line":129,"column":50}},"39":{"start":{"line":131,"column":8},"end":{"line":134,"column":9}},"40":{"start":{"line":132,"column":12},"end":{"line":132,"column":59}},"41":{"start":{"line":133,"column":12},"end":{"line":133,"column":111}},"42":{"start":{"line":133,"column":59},"end":{"line":133,"column":107}},"43":{"start":{"line":136,"column":8},"end":{"line":155,"column":11}},"44":{"start":{"line":137,"column":12},"end":{"line":137,"column":74}},"45":{"start":{"line":138,"column":12},"end":{"line":138,"column":77}},"46":{"start":{"line":139,"column":12},"end":{"line":150,"column":13}},"47":{"start":{"line":141,"column":16},"end":{"line":141,"column":78}},"48":{"start":{"line":143,"column":17},"end":{"line":150,"column":13}},"49":{"start":{"line":145,"column":16},"end":{"line":145,"column":53}},"50":{"start":{"line":149,"column":16},"end":{"line":149,"column":50}},"51":{"start":{"line":152,"column":12},"end":{"line":154,"column":13}},"52":{"start":{"line":153,"column":16},"end":{"line":153,"column":89}},"53":{"start":{"line":156,"column":8},"end":{"line":156,"column":21}},"54":{"start":{"line":165,"column":4},"end":{"line":195,"column":5}},"55":{"start":{"line":166,"column":8},"end":{"line":166,"column":49}},"56":{"start":{"line":168,"column":8},"end":{"line":170,"column":9}},"57":{"start":{"line":169,"column":12},"end":{"line":169,"column":19}},"58":{"start":{"line":172,"column":8},"end":{"line":172,"column":72}},"59":{"start":{"line":174,"column":8},"end":{"line":176,"column":9}},"60":{"start":{"line":175,"column":12},"end":{"line":175,"column":19}},"61":{"start":{"line":178,"column":8},"end":{"line":190,"column":10}},"62":{"start":{"line":179,"column":12},"end":{"line":189,"column":15}},"63":{"start":{"line":181,"column":16},"end":{"line":181,"column":93}},"64":{"start":{"line":182,"column":16},"end":{"line":182,"column":58}},"65":{"start":{"line":184,"column":16},"end":{"line":188,"column":19}},"66":{"start":{"line":191,"column":8},"end":{"line":194,"column":9}},"67":{"start":{"line":192,"column":12},"end":{"line":192,"column":35}},"68":{"start":{"line":193,"column":12},"end":{"line":193,"column":26}},"69":{"start":{"line":199,"column":4},"end":{"line":259,"column":5}},"70":{"start":{"line":200,"column":8},"end":{"line":258,"column":10}},"71":{"start":{"line":201,"column":12},"end":{"line":201,"column":36}},"72":{"start":{"line":202,"column":12},"end":{"line":202,"column":39}},"73":{"start":{"line":204,"column":12},"end":{"line":206,"column":13}},"74":{"start":{"line":205,"column":16},"end":{"line":205,"column":23}},"75":{"start":{"line":208,"column":12},"end":{"line":208,"column":50}},"76":{"start":{"line":209,"column":12},"end":{"line":215,"column":13}},"77":{"start":{"line":210,"column":16},"end":{"line":210,"column":111}},"78":{"start":{"line":210,"column":76},"end":{"line":210,"column":107}},"79":{"start":{"line":212,"column":16},"end":{"line":214,"column":17}},"80":{"start":{"line":213,"column":20},"end":{"line":213,"column":27}},"81":{"start":{"line":217,"column":12},"end":{"line":219,"column":13}},"82":{"start":{"line":218,"column":16},"end":{"line":218,"column":39}},"83":{"start":{"line":221,"column":12},"end":{"line":223,"column":13}},"84":{"start":{"line":222,"column":16},"end":{"line":222,"column":50}},"85":{"start":{"line":225,"column":12},"end":{"line":225,"column":65}},"86":{"start":{"line":227,"column":12},"end":{"line":238,"column":13}},"87":{"start":{"line":228,"column":16},"end":{"line":233,"column":18}},"88":{"start":{"line":235,"column":17},"end":{"line":238,"column":13}},"89":{"start":{"line":237,"column":16},"end":{"line":237,"column":46}},"90":{"start":{"line":240,"column":12},"end":{"line":248,"column":13}},"91":{"start":{"line":241,"column":16},"end":{"line":241,"column":52}},"92":{"start":{"line":243,"column":16},"end":{"line":243,"column":50}},"93":{"start":{"line":245,"column":16},"end":{"line":247,"column":26}},"94":{"start":{"line":246,"column":20},"end":{"line":246,"column":53}},"95":{"start":{"line":250,"column":12},"end":{"line":257,"column":13}},"96":{"start":{"line":251,"column":16},"end":{"line":256,"column":19}},"97":{"start":{"line":267,"column":4},"end":{"line":297,"column":5}},"98":{"start":{"line":268,"column":8},"end":{"line":268,"column":27}},"99":{"start":{"line":269,"column":8},"end":{"line":269,"column":36}},"100":{"start":{"line":270,"column":8},"end":{"line":270,"column":36}},"101":{"start":{"line":271,"column":8},"end":{"line":271,"column":24}},"102":{"start":{"line":273,"column":8},"end":{"line":276,"column":9}},"103":{"start":{"line":274,"column":12},"end":{"line":274,"column":33}},"104":{"start":{"line":275,"column":12},"end":{"line":275,"column":35}},"105":{"start":{"line":278,"column":8},"end":{"line":280,"column":9}},"106":{"start":{"line":279,"column":12},"end":{"line":279,"column":33}},"107":{"start":{"line":282,"column":8},"end":{"line":282,"column":46}},"108":{"start":{"line":283,"column":8},"end":{"line":283,"column":51}},"109":{"start":{"line":284,"column":8},"end":{"line":284,"column":35}},"110":{"start":{"line":285,"column":8},"end":{"line":295,"column":9}},"111":{"start":{"line":286,"column":12},"end":{"line":286,"column":32}},"112":{"start":{"line":287,"column":12},"end":{"line":294,"column":13}},"113":{"start":{"line":288,"column":16},"end":{"line":293,"column":17}},"114":{"start":{"line":289,"column":20},"end":{"line":292,"column":21}},"115":{"start":{"line":290,"column":24},"end":{"line":290,"column":46}},"116":{"start":{"line":291,"column":24},"end":{"line":291,"column":30}},"117":{"start":{"line":296,"column":8},"end":{"line":296,"column":19}},"118":{"start":{"line":301,"column":4},"end":{"line":319,"column":5}},"119":{"start":{"line":302,"column":8},"end":{"line":302,"column":26}},"120":{"start":{"line":303,"column":8},"end":{"line":303,"column":41}},"121":{"start":{"line":304,"column":8},"end":{"line":308,"column":10}},"122":{"start":{"line":310,"column":8},"end":{"line":317,"column":22}},"123":{"start":{"line":311,"column":12},"end":{"line":315,"column":13}},"124":{"start":{"line":312,"column":16},"end":{"line"
[...]
n":47},"end":{"line":153,"column":66}}]},"30":{"line":158,"type":"if","locations":[{"start":{"line":158,"column":8},"end":{"line":158,"column":8}},{"start":{"line":158,"column":8},"end":{"line":158,"column":8}}]},"31":{"line":163,"type":"if","locations":[{"start":{"line":163,"column":12},"end":{"line":163,"column":12}},{"start":{"line":163,"column":12},"end":{"line":163,"column":12}}]},"32":{"line":163,"type":"binary-expr","locations":[{"start":{"line":163,"column":16},"end":{"line":163,"column":44}},{"start":{"line":163,"column":48},"end":{"line":163,"column":57}}]},"33":{"line":182,"type":"binary-expr","locations":[{"start":{"line":182,"column":29},"end":{"line":182,"column":46}},{"start":{"line":182,"column":50},"end":{"line":182,"column":52}}]},"34":{"line":186,"type":"if","locations":[{"start":{"line":186,"column":8},"end":{"line":186,"column":8}},{"start":{"line":186,"column":8},"end":{"line":186,"column":8}}]},"35":{"line":186,"type":"binary-expr","locations":[{"start":{"line":186,"column":12},"end":{"line":186,"column":17}},{"start":{"line":186,"column":21},"end":{"line":186,"column":37}},{"start":{"line":186,"column":41},"end":{"line":186,"column":57}}]},"36":{"line":190,"type":"binary-expr","locations":[{"start":{"line":190,"column":28},"end":{"line":190,"column":53}},{"start":{"line":190,"column":57},"end":{"line":190,"column":86}}]},"37":{"line":192,"type":"if","locations":[{"start":{"line":192,"column":8},"end":{"line":192,"column":8}},{"start":{"line":192,"column":8},"end":{"line":192,"column":8}}]},"38":{"line":196,"type":"binary-expr","locations":[{"start":{"line":196,"column":25},"end":{"line":196,"column":45}},{"start":{"line":196,"column":49},"end":{"line":196,"column":51}}]},"39":{"line":198,"type":"if","locations":[{"start":{"line":198,"column":8},"end":{"line":198,"column":8}},{"start":{"line":198,"column":8},"end":{"line":198,"column":8}}]},"40":{"line":201,"type":"if","locations":[{"start":{"line":201,"column":13},"end":{"line":201,"column":13}},{"start":{"line":201,"column":13},"end":{"line":201,"column":13}}]},"41":{"line":206,"type":"binary-expr","locations":[{"start":{"line":206,"column":26},"end":{"line":206,"column":67}},{"start":{"line":206,"column":71},"end":{"line":206,"column":73}}]},"42":{"line":208,"type":"if","locations":[{"start":{"line":208,"column":8},"end":{"line":208,"column":8}},{"start":{"line":208,"column":8},"end":{"line":208,"column":8}}]},"43":{"line":209,"type":"binary-expr","locations":[{"start":{"line":209,"column":26},"end":{"line":209,"column":77}},{"start":{"line":209,"column":81},"end":{"line":209,"column":83}}]},"44":{"line":216,"type":"if","locations":[{"start":{"line":216,"column":12},"end":{"line":216,"column":12}},{"start":{"line":216,"column":12},"end":{"line":216,"column":12}}]},"45":{"line":222,"type":"if","locations":[{"start":{"line":222,"column":8},"end":{"line":222,"column":8}},{"start":{"line":222,"column":8},"end":{"line":222,"column":8}}]},"46":{"line":244,"type":"binary-expr","locations":[{"start":{"line":244,"column":15},"end":{"line":244,"column":19}},{"start":{"line":244,"column":23},"end":{"line":244,"column":47}},{"start":{"line":244,"column":51},"end":{"line":244,"column":75}}]},"47":{"line":249,"type":"if","locations":[{"start":{"line":249,"column":8},"end":{"line":249,"column":8}},{"start":{"line":249,"column":8},"end":{"line":249,"column":8}}]},"48":{"line":253,"type":"binary-expr","locations":[{"start":{"line":253,"column":19},"end":{"line":253,"column":32}},{"start":{"line":253,"column":36},"end":{"line":253,"column":45}}]},"49":{"line":258,"type":"if","locations":[{"start":{"line":258,"column":12},"end":{"line":258,"column":12}},{"start":{"line":258,"column":12},"end":{"line":258,"column":12}}]},"50":{"line":258,"type":"binary-expr","locations":[{"start":{"line":258,"column":16},"end":{"line":258,"column":31}},{"start":{"line":258,"column":35},"end":{"line":258,"column":40}}]},"51":{"line":260,"type":"if","locations":[{"start":{"line":260,"column":20},"end":{"line":260,"column":20}},{"start":{"line":260,"column":20},"end":{"line":260,"column":20}}]}},"code":["/**"," * This is the entry point for the client side preboot library. At a high level, this library"," * is used to facilitate the switch from the server view to the client view. Specifically that"," * means:"," *"," *    1. Replay stored server view events on client view"," *    2. Switch buffer from server view to client view"," *    3. Reset focus on client view"," */","\"use strict\";","// the idea here is that preboot is a global value on the window that is used by the client","var preboot = prebootClient();","// wrapper function used to contain all the preboot client functionality","function prebootClient() {","    // used to cache map from server node key to associated client node","    var clientNodeCache = {};","    /**","     * External code call this to kick off the switch from server to client","     */","    function complete(opts) {","        opts = opts || {};","        var theWindow = (opts.window || window);","        var prebootData = theWindow.prebootData || {};","        var apps = prebootData.apps || [];","        // loop through each of the preboot apps","        apps.forEach(function (appData) { return completeApp(opts, appData); });","        // once all events have been replayed and buffers switched, then we cleanup preboot","        if (!opts.noCleanup) {","            cleanup(theWindow, prebootData);","        }","    }","    /**","     * Complete a particular app","     * @param opts","     * @param appData","     */","    function completeApp(opts, appData) {","        opts = opts || {};","        appData = (appData || {});","        var theWindow = (opts.window || window);","        var root = (appData.root || {});","        var events = appData.events || [];","        // if a specific app root set and it doesn't equal the server selector, then don't do anything","        if (opts.appRoot && opts.appRoot !== root.serverSelector) {","            return;","        }","        // some client side frameworks (like Angular 1 w UI Router) will replace","        // elements, so we need to re-get client root just to be safe","        root.clientNode = theWindow.document.querySelector(root.clientSelector);","        // replay all the events from the server view onto the client view","        events.forEach(function (event) { return replayEvent(appData, event); });","        // if we are buffering, switch the buffers","        switchBuffer(theWindow, appData);","    }","    /**","     * Replay a particular event. The trick here is finding the appropriate client","     * node where the event is to be dispatched that matches up with the server node","     * where the event came from originally.","     */","    function replayEvent(appData, prebootEvent) {","        appData = (appData || {});","        prebootEvent = (prebootEvent || {});","        var event = prebootEvent.event;","        var serverNode = prebootEvent.node || {};","        var nodeKey = prebootEvent.nodeKey;","        var clientNode = findClientNode({","            root: appData.root,","            node: serverNode,","            nodeKey: nodeKey","        });","        // if client node can't be found, log a warning","        if (!clientNode) {","            console.warn('Trying to dispatch event ' + event.type +","                ' to node ' + nodeKey + ' but could not find client node. ' +","                'Server node is: ');","            console.log(serverNode);","            return;","        }","        // now dispatch events and whatnot to the client node","        clientNode.checked = serverNode.checked ? true : undefined;","        clientNode.selected = serverNode.selected ? true : undefined;","        clientNode.value = serverNode.value;","        clientNode.dispatchEvent(event);","    }","    /**","     * Hide the server buffer and show the client buffer","     */","    function switchBuffer(window, appData) {","        appData = (appData || {});","        var root = (appData.root || {});","        var serverView = root.serverNode;","        var clientView = root.clientNode;","        // if no client view or the server view is the body or client","        // and server view are the same, then don't do anything and return","        if (!clientView || !serverView || serverView === clientView || serverView.nodeName === 'BODY') {","            return;","        }","        // do a try-catch for case where serverView is an object but NOT of type Element","        try {","            // get the server view display mode","            var display = window","                .getComputedStyle(serverView)","                .getPropertyValue('display') || 'block';","            // first remove the server view","            serverView.remove ?","                serverView.remove() :","                serverView.style.display = 'none';","            // now add the client view","            clientView.style.display = display;","        }","        catch (ex) {","            console.error(ex);","        }","    }","    /**","     * This function does three things to cleanup preboot:","     *    1. Set focus (and selection if a text box/text area) within a form element","     *    2. Remove existing event listeners","     *    3. Delete data from memory","     */","    function cleanup(window, prebootData) {","        prebootData = prebootData || {};","        var listeners = prebootData.listeners || [];","        // set focus on the active node AFTER a small delay to ensure buffer switched","        setTimeout(function () {","            setFocus(prebootData.activeNode);","        }, 1);","        // remove all event listeners","        for (var _i = 0, listeners_1 = listeners; _i < listeners_1.length; _i++) {","            var listener = listeners_1[_i];","            listener.node.removeEventListener(listener.eventName, listener.handler);","        }","        // remove the freeze overlay if it exists","        removeOverlay(window);","        // finally clear out the data stored for each app","        prebootData.apps = [];","        clientNodeCache = {};","    }","    /**","     * Remove the overlay if it exists","     */","    function removeOverlay(window) {","        var prebootOverlay = window.document.body.querySelector('#prebootOverlay');","        if (prebootOverlay) {","            prebootOverlay.style.display = 'none';","        }","    }","    /**","     * Set focus on a given active node element","     */","    function setFocus(activeNode) {","        // only do something if there is an active node","        if (!activeNode || !activeNode.node || !activeNode.nodeKey) {","            return;","        }","        // find the client node in the new client view","        var clientNode = findClientNode(activeNode);","        if (clientNode) {","            // set focus on the client node","            clientNode.focus();","            // set selection if a modern browser (i.e. IE9+, etc.)","            var selection = activeNode.selection;","            if (clientNode.setSelectionRange && selection) {","                clientNode.setSelectionRange(selection.start, selection.end, selection.direction);","            }","        }","    }","    /**","     * Given a node from the server rendered view, find the equivalent","     * node in the client rendered view. We do this by the following approach:","     *      1. take the name of the server node tag (ex. div or h1 or input)","     *      2. add either id (ex. div#myid) or class names (ex. div.class1.class2)","     *      3. use that value as a selector to get all the matching client nodes","     *      4. loop through all client nodes found and for each generate a key value","     *      5. compare the client key to the server key; once there is a match, we have our client node","     *","     * NOTE: this only works when the client view is almost exactly the same as the server","     * view. we will need an improvement here in the future to account for situations","     * where the client view is different in structure from the server view","     */","    function findClientNode(serverNodeContext) {","        serverNodeContext = (serverNodeContext || {});","        var serverNode = serverNodeContext.node;","        var root = serverNodeContext.root;","        // if no server or client root, don't do anything","        if (!root || !root.serverNode || !root.clientNode) {","            return null;","        }","        // we use the string of the node to compare to the client node & as key in cache","        var serverNodeKey = serverNodeContext.nodeKey || getNodeKey(serverNodeContext);","        // if client node already in cache, return it","        if (clientNodeCache[serverNodeKey]) {","            return clientNodeCache[serverNodeKey];","        }","        // get the selector for client nodes","        var className = (serverNode.className || '').replace('ng-binding', '').trim();","        var selector = serverNode.tagName;","        if (serverNode.id) {","            selector += '#' + serverNode.id;","        }","        else if (className) {","            selector += '.' + className.replace(/ /g, '.');","        }","        // select all possible client nodes and look through them to try and find a match","        var rootClientNode = root.clientNode;","        var clientNodes = rootClientNode.querySelectorAll(selector) || [];","        // if nothing found, then just try the tag name as a final option","        if (!clientNodes.length) {","            clientNodes = rootClientNode.querySelectorAll(serverNode.tagName) || [];","        }","        for (var _i = 0, clientNodes_1 = clientNodes; _i < clientNodes_1.length; _i++) {","            var clientNode = clientNodes_1[_i];","            // get the key for the client node","            var clientNodeKey = getNodeKey({ root: root, node: clientNode });","            // if the client node key is exact match for the server node key, then we found the client node","            if (clientNodeKey === serverNodeKey) {","                clientNodeCache[serverNodeKey] = clientNode;","                return clientNode;","            }","        }","        // if we get here and there is one clientNode, use it as a fallback","        if (clientNodes.length === 1) {","            clientNodeCache[serverNodeKey] = clientNodes[0];","            return clientNodes[0];","        }","        // if we get here it means we couldn't find the client node so give the user a warning","        console.warn('No matching client node found for ' + serverNodeKey +","            '. You can fix this by assigning this element a unique id attribute.');","        return null;","    }","    /**","     * Attempt to generate key from node position in the DOM","     *","     * NOTE: this function is duplicated in preboot_inline.ts and must be","     * kept in sync. It is duplicated for right now since we are trying","     * to keep all inline code separated and distinct (i.e. without imports)","     */","    function getNodeKey(nodeContext) {","        var ancestors = [];","        var root = nodeContext.root;","        var node = nodeContext.node;","        var temp = node;","        // walk up the tree from the target node up to the root","        while (temp && temp !== root.serverNode && temp !== root.clientNode) {","            ancestors.push(temp);","            temp = temp.parentNode;","        }","        // note: if temp doesn't exist here it means root node wasn't found","        if (temp) {","            ancestors.push(temp);","        }","        // now go backwards starting from the root, appending the appName to unique identify the node later..","        var name = node.nodeName || 'unknown';","        var key = name + '_' + root.serverSelector;","        var len = ancestors.length;","        for (var i = (len - 1); i >= 0; i--) {","            temp = ancestors[i];","            if (temp.childNodes && i > 0) {","                for (var j = 0; j < temp.childNodes.length; j++) {","                    if (temp.childNodes[j] === ancestors[i - 1]) {","                        key += '_s' + (j + 1);","                        break;","                    }","                }","            }","        }","        return key;","    }","    return {","        complete: complete,","        completeApp: completeApp,","        replayEvent: replayEvent,","        switchBuffer: switchBuffer,","        removeOverlay: removeOverlay,","        cleanup: cleanup,","        setFocus: setFocus,","        findClientNode: findClientNode,","        getNodeKey: getNodeKey","    };","}","exports.prebootClient = prebootClient;",""],"l":{"12":1,"14":1,"16":1,"20":1,"21":0,"22":0,"23":0,"24":0,"26":0,"28":0,"29":0,"37":1,"38":0,"39":0,"40":0,"41":0,"42":0,"44":0,"45":0,"49":0,"51":0,"53":0,"60":1,"61":0,"62":0,"63":0,"64":0,"65":0,"66":0,"72":0,"73":0,"76":0,"77":0,"80":0,"81":0,"82":0,"83":0,"88":1,"89":0,"90":0,"91":0,"92":0,"95":0,"96":0,"99":0,"101":0,"105":0,"109":0,"112":0,"121":1,"122":0,"123":0,"125":0,"126":0,"129":0,"130":0,"131":0,"134":0,"136":0,"137":0,"142":1,"143":0,"144":0,"145":0,"151":1,"153":0,"154":0,"157":0,"158":0,"160":0,"162":0,"163":0,"164":0,"181":1,"182":0,"183":0,"184":0,"186":0,"187":0,"190":0,"192":0,"193":0,"196":0,"197":0,"198":0,"199":0,"201":0,"202":0,"205":0,"206":0,"208":0,"209":0,"211":0,"212":0,"214":0,"216":0,"217":0,"218":0,"222":0,"223":0,"224":0,"227":0,"229":0,"238":1,"239":0,"240":0,"241":0,"242":0,"244":0,"245":0,"246":0,"249":0,"250":0,"253":0,"254":0,"255":0,"256":0,"257":0,"258":0,"259":0,"260":0,"261":0,"262":0,"267":0,"269":1,"281":1}},"/home/travis/build/npmtest/node-npmtest-preboot/node_modules/preboot/gulpfile.js":{"path":"/home/travis/build/npmtest/node-npmtest-preboot/node_modules/preboot/gulpfile.js","s":{"1":2,"2":0,"3":0,"4":0,"5":0,"6":0,"7":0,"8":0,"9":0,"10":0,"11":0},"b":{"1":[0,0]},"f":{"1":0},"fnMap":{"1":{"name":"(anonymous_1)","line":19,"loc":{"start":{"line":19,"column":23},"end":{"line":19,"column":48}}}},"statementMap":{"1":{"start":{"line":1,"column":0},"end":{"line":1,"column":27}},"2":{"start":{"line":2,"column":0},"end":{"line":2,"column":27}},"3":{"start":{"line":3,"column":0},"end":{"line":3,"column":23}},"4":{"start":{"line":4,"column":0},"end":{"line":4,"column":24}},"5":{"start":{"line":7,"column":0},"end":{"line":14,"column":2}},"6":{"start":{"line":17,"column":0},"end":{"line":17,"column":65}},"7":{"start":{"line":18,"column":0},"end":{"line":18,"column":57}},"8":{"start":{"line":19,"column":0},"end":{"line":23,"column":3}},"9":{"start":{"line":20,"column":2},"end":{"line":20,"column":62}},"10":{"start":{"line":21,"column":2},"end":{"line":21,"column":41}},"11":{"start":{"line":22,"column":2},"end":{"line":22,"column":25}}},"branchMap":{"1":{"line":18,"type":"binary-expr","locations":[{"start":{"line":18,"column":21},"end":{"line":18,"column":50}},{"start":{"line":18,"column":54},"end":{"line":18,"column":56}}]}},"code":["var gulp = require('gulp');","var path = require('path');","var fs = require('fs');","var rootDir = __dirname;","","// config values passed into every gulp task file","var buildConfig = {","  rootDir: rootDir,","  tsFiles: ['src/**/*.ts', 'test/**/*.ts'],","  testFiles: 'dist/test/**/*_spec.js',","  distDir: path.join(rootDir, 'dist'),","  prebootBrowser: path.join(rootDir, 'dist/src/browser/preboot_browser'),","  prebootNode: path.join(rootDir, 'dist/src/node/preboot_node')","};","","// dynamically load in all the build task files","var buildtasksDir = path.join(buildConfig.rootDir, 'buildtasks');","var buildtaskFiles = fs.readdirSync(buildtasksDir) || [];","buildtaskFiles.forEach(function (buildtaskFile) {","  var buildtaskPath = path.join(buildtasksDir, buildtaskFile);","  var buildtask = require(buildtaskPath);","  buildtask(buildConfig);","});",""],"l":{"1":2,"2":0,"3":0,"4":0,"7":0,"17":0,"18":0,"19":0,"20":0,"21":0,"22":0}}}